{"numFailedTestSuites":8,"numFailedTests":14,"numPassedTestSuites":56,"numPassedTests":312,"numPendingTestSuites":0,"numPendingTests":0,"numRuntimeErrorTestSuites":0,"numTodoTests":0,"numTotalTestSuites":64,"numTotalTests":326,"openHandles":[],"snapshot":{"added":0,"didUpdate":false,"failure":true,"filesAdded":0,"filesRemoved":0,"filesRemovedList":[],"filesUnmatched":1,"filesUpdated":0,"matched":15,"total":26,"unchecked":0,"uncheckedKeysByFile":[],"unmatched":11,"updated":0},"startTime":1769631042025,"success":false,"testResults":[{"assertionResults":[{"ancestorTitles":["Validation Logic","validateField"],"duration":4,"failing":false,"failureDetails":[],"failureMessages":[],"fullName":"Validation Logic validateField should return null for empty values (responsibility moves to canGoNext)","invocations":1,"location":null,"numPassingAsserts":1,"retryReasons":[],"startAt":1769631055205,"status":"passed","title":"should return null for empty values (responsibility moves to canGoNext)"},{"ancestorTitles":["Validation Logic","validateField"],"duration":1,"failing":false,"failureDetails":[],"failureMessages":[],"fullName":"Validation Logic validateField should return error message when Zod validation fails (e.g. wrong type)","invocations":1,"location":null,"numPassingAsserts":1,"retryReasons":[],"startAt":1769631055212,"status":"passed","title":"should return error message when Zod validation fails (e.g. wrong type)"},{"ancestorTitles":["Validation Logic","validateField"],"duration":5,"failing":false,"failureDetails":[{"matcherResult":{"actual":null,"expected":"setup.aantalMensen.min","message":"\u001b[2mexpect(\u001b[22m\u001b[31mreceived\u001b[39m\u001b[2m).\u001b[22mtoBe\u001b[2m(\u001b[22m\u001b[32mexpected\u001b[39m\u001b[2m) // Object.is equality\u001b[22m\n\nExpected: \u001b[32m\"setup.aantalMensen.min\"\u001b[39m\nReceived: \u001b[31mnull\u001b[39m","name":"toBe","pass":false}}],"failureMessages":["Error: \u001b[2mexpect(\u001b[22m\u001b[31mreceived\u001b[39m\u001b[2m).\u001b[22mtoBe\u001b[2m(\u001b[22m\u001b[32mexpected\u001b[39m\u001b[2m) // Object.is equality\u001b[22m\n\nExpected: \u001b[32m\"setup.aantalMensen.min\"\u001b[39m\nReceived: \u001b[31mnull\u001b[39m\n    at Object.<anonymous> (/home/user/pre7/src/domain/validation/__tests__/fieldValidator.test.ts:23:25)\n    at Promise.finally.completed (/home/user/pre7/node_modules/jest-circus/build/jestAdapterInit.js:1557:28)\n    at new Promise (<anonymous>)\n    at callAsyncCircusFn (/home/user/pre7/node_modules/jest-circus/build/jestAdapterInit.js:1497:10)\n    at _callCircusTest (/home/user/pre7/node_modules/jest-circus/build/jestAdapterInit.js:1007:40)\n    at async _runTest (/home/user/pre7/node_modules/jest-circus/build/jestAdapterInit.js:947:3)\n    at async /home/user/pre7/node_modules/jest-circus/build/jestAdapterInit.js:849:7\n    at async _runTestsForDescribeBlock (/home/user/pre7/node_modules/jest-circus/build/jestAdapterInit.js:862:11)\n    at async _runTestsForDescribeBlock (/home/user/pre7/node_modules/jest-circus/build/jestAdapterInit.js:857:11)\n    at async _runTestsForDescribeBlock (/home/user/pre7/node_modules/jest-circus/build/jestAdapterInit.js:857:11)\n    at async run (/home/user/pre7/node_modules/jest-circus/build/jestAdapterInit.js:761:3)\n    at async runAndTransformResultsToJestFormat (/home/user/pre7/node_modules/jest-circus/build/jestAdapterInit.js:1918:21)"],"fullName":"Validation Logic validateField should return error if number is below min","invocations":1,"location":null,"numPassingAsserts":0,"retryReasons":[],"startAt":1769631055214,"status":"failed","title":"should return error if number is below min"},{"ancestorTitles":["Validation Logic","validateDobNL"],"duration":5,"failing":false,"failureDetails":[{"matcherResult":{"actual":"Gebruik formaat DD-MM-YYYY","expected":"Vul een volledige datum in (DD-MM-YYYY).","message":"\u001b[2mexpect(\u001b[22m\u001b[31mreceived\u001b[39m\u001b[2m).\u001b[22mtoBe\u001b[2m(\u001b[22m\u001b[32mexpected\u001b[39m\u001b[2m) // Object.is equality\u001b[22m\n\nExpected: \u001b[32m\"\u001b[7mVul een volledige datum in (\u001b[27mDD-MM-YYYY\u001b[7m).\u001b[27m\"\u001b[39m\nReceived: \u001b[31m\"\u001b[7mGebruik formaat \u001b[27mDD-MM-YYYY\"\u001b[39m","name":"toBe","pass":false}}],"failureMessages":["Error: \u001b[2mexpect(\u001b[22m\u001b[31mreceived\u001b[39m\u001b[2m).\u001b[22mtoBe\u001b[2m(\u001b[22m\u001b[32mexpected\u001b[39m\u001b[2m) // Object.is equality\u001b[22m\n\nExpected: \u001b[32m\"\u001b[7mVul een volledige datum in (\u001b[27mDD-MM-YYYY\u001b[7m).\u001b[27m\"\u001b[39m\nReceived: \u001b[31m\"\u001b[7mGebruik formaat \u001b[27mDD-MM-YYYY\"\u001b[39m\n    at Object.<anonymous> (/home/user/pre7/src/domain/validation/__tests__/fieldValidator.test.ts:32:38)\n    at Promise.finally.completed (/home/user/pre7/node_modules/jest-circus/build/jestAdapterInit.js:1557:28)\n    at new Promise (<anonymous>)\n    at callAsyncCircusFn (/home/user/pre7/node_modules/jest-circus/build/jestAdapterInit.js:1497:10)\n    at _callCircusTest (/home/user/pre7/node_modules/jest-circus/build/jestAdapterInit.js:1007:40)\n    at async _runTest (/home/user/pre7/node_modules/jest-circus/build/jestAdapterInit.js:947:3)\n    at async /home/user/pre7/node_modules/jest-circus/build/jestAdapterInit.js:849:7\n    at async _runTestsForDescribeBlock (/home/user/pre7/node_modules/jest-circus/build/jestAdapterInit.js:862:11)\n    at async _runTestsForDescribeBlock (/home/user/pre7/node_modules/jest-circus/build/jestAdapterInit.js:857:11)\n    at async _runTestsForDescribeBlock (/home/user/pre7/node_modules/jest-circus/build/jestAdapterInit.js:857:11)\n    at async run (/home/user/pre7/node_modules/jest-circus/build/jestAdapterInit.js:761:3)\n    at async runAndTransformResultsToJestFormat (/home/user/pre7/node_modules/jest-circus/build/jestAdapterInit.js:1918:21)"],"fullName":"Validation Logic validateDobNL should return error for incomplete date","invocations":1,"location":null,"numPassingAsserts":0,"retryReasons":[],"startAt":1769631055227,"status":"failed","title":"should return error for incomplete date"},{"ancestorTitles":["Validation Logic","validateDobNL"],"duration":2,"failing":false,"failureDetails":[{"matcherResult":{"message":"\u001b[2mexpect(\u001b[22m\u001b[31mreceived\u001b[39m\u001b[2m).\u001b[22mtoMatch\u001b[2m(\u001b[22m\u001b[32mexpected\u001b[39m\u001b[2m)\u001b[22m\n\nExpected pattern: \u001b[32m/datum|bestaat/\u001b[39m\nReceived string:  \u001b[31m\"gebruik formaat dd-mm-yyyy\"\u001b[39m","pass":false}}],"failureMessages":["Error: \u001b[2mexpect(\u001b[22m\u001b[31mreceived\u001b[39m\u001b[2m).\u001b[22mtoMatch\u001b[2m(\u001b[22m\u001b[32mexpected\u001b[39m\u001b[2m)\u001b[22m\n\nExpected pattern: \u001b[32m/datum|bestaat/\u001b[39m\nReceived string:  \u001b[31m\"gebruik formaat dd-mm-yyyy\"\u001b[39m\n    at Object.<anonymous> (/home/user/pre7/src/domain/validation/__tests__/fieldValidator.test.ts:38:37)\n    at Promise.finally.completed (/home/user/pre7/node_modules/jest-circus/build/jestAdapterInit.js:1557:28)\n    at new Promise (<anonymous>)\n    at callAsyncCircusFn (/home/user/pre7/node_modules/jest-circus/build/jestAdapterInit.js:1497:10)\n    at _callCircusTest (/home/user/pre7/node_modules/jest-circus/build/jestAdapterInit.js:1007:40)\n    at async _runTest (/home/user/pre7/node_modules/jest-circus/build/jestAdapterInit.js:947:3)\n    at async /home/user/pre7/node_modules/jest-circus/build/jestAdapterInit.js:849:7\n    at async _runTestsForDescribeBlock (/home/user/pre7/node_modules/jest-circus/build/jestAdapterInit.js:862:11)\n    at async _runTestsForDescribeBlock (/home/user/pre7/node_modules/jest-circus/build/jestAdapterInit.js:857:11)\n    at async _runTestsForDescribeBlock (/home/user/pre7/node_modules/jest-circus/build/jestAdapterInit.js:857:11)\n    at async run (/home/user/pre7/node_modules/jest-circus/build/jestAdapterInit.js:761:3)\n    at async runAndTransformResultsToJestFormat (/home/user/pre7/node_modules/jest-circus/build/jestAdapterInit.js:1918:21)"],"fullName":"Validation Logic validateDobNL should return error for non-existent calendar dates (leap year check etc)","invocations":1,"location":null,"numPassingAsserts":1,"retryReasons":[],"startAt":1769631055234,"status":"failed","title":"should return error for non-existent calendar dates (leap year check etc)"},{"ancestorTitles":["Validation Logic","validateDobNL"],"duration":2,"failing":false,"failureDetails":[{"matcherResult":{"message":"\u001b[2mexpect(\u001b[22m\u001b[31mreceived\u001b[39m\u001b[2m).\u001b[22mtoBeNull\u001b[2m()\u001b[22m\n\nReceived: \u001b[31m\"Je moet minimaal 18 jaar oud zijn\"\u001b[39m","pass":false}}],"failureMessages":["Error: \u001b[2mexpect(\u001b[22m\u001b[31mreceived\u001b[39m\u001b[2m).\u001b[22mtoBeNull\u001b[2m()\u001b[22m\n\nReceived: \u001b[31m\"Je moet minimaal 18 jaar oud zijn\"\u001b[39m\n    at Object.<anonymous> (/home/user/pre7/src/domain/validation/__tests__/fieldValidator.test.ts:42:43)\n    at Promise.finally.completed (/home/user/pre7/node_modules/jest-circus/build/jestAdapterInit.js:1557:28)\n    at new Promise (<anonymous>)\n    at callAsyncCircusFn (/home/user/pre7/node_modules/jest-circus/build/jestAdapterInit.js:1497:10)\n    at _callCircusTest (/home/user/pre7/node_modules/jest-circus/build/jestAdapterInit.js:1007:40)\n    at async _runTest (/home/user/pre7/node_modules/jest-circus/build/jestAdapterInit.js:947:3)\n    at async /home/user/pre7/node_modules/jest-circus/build/jestAdapterInit.js:849:7\n    at async _runTestsForDescribeBlock (/home/user/pre7/node_modules/jest-circus/build/jestAdapterInit.js:862:11)\n    at async _runTestsForDescribeBlock (/home/user/pre7/node_modules/jest-circus/build/jestAdapterInit.js:857:11)\n    at async _runTestsForDescribeBlock (/home/user/pre7/node_modules/jest-circus/build/jestAdapterInit.js:857:11)\n    at async run (/home/user/pre7/node_modules/jest-circus/build/jestAdapterInit.js:761:3)\n    at async runAndTransformResultsToJestFormat (/home/user/pre7/node_modules/jest-circus/build/jestAdapterInit.js:1918:21)"],"fullName":"Validation Logic validateDobNL should return null for valid date","invocations":1,"location":null,"numPassingAsserts":0,"retryReasons":[],"startAt":1769631055238,"status":"failed","title":"should return null for valid date"},{"ancestorTitles":["Validation Logic","canGoNext"],"duration":2,"failing":false,"failureDetails":[],"failureMessages":[],"fullName":"Validation Logic canGoNext should return false if a required field (like members) is empty","invocations":1,"location":null,"numPassingAsserts":1,"retryReasons":[],"startAt":1769631055243,"status":"passed","title":"should return false if a required field (like members) is empty"},{"ancestorTitles":["Validation Logic","canGoNext"],"duration":7,"failing":false,"failureDetails":[{"matcherResult":{"actual":false,"expected":true,"message":"\u001b[2mexpect(\u001b[22m\u001b[31mreceived\u001b[39m\u001b[2m).\u001b[22mtoBe\u001b[2m(\u001b[22m\u001b[32mexpected\u001b[39m\u001b[2m) // Object.is equality\u001b[22m\n\nExpected: \u001b[32mtrue\u001b[39m\nReceived: \u001b[31mfalse\u001b[39m","name":"toBe","pass":false}}],"failureMessages":["Error: \u001b[2mexpect(\u001b[22m\u001b[31mreceived\u001b[39m\u001b[2m).\u001b[22mtoBe\u001b[2m(\u001b[22m\u001b[32mexpected\u001b[39m\u001b[2m) // Object.is equality\u001b[22m\n\nExpected: \u001b[32mtrue\u001b[39m\nReceived: \u001b[31mfalse\u001b[39m\n    at Object.<anonymous> (/home/user/pre7/src/domain/validation/__tests__/fieldValidator.test.ts:63:22)\n    at Promise.finally.completed (/home/user/pre7/node_modules/jest-circus/build/jestAdapterInit.js:1557:28)\n    at new Promise (<anonymous>)\n    at callAsyncCircusFn (/home/user/pre7/node_modules/jest-circus/build/jestAdapterInit.js:1497:10)\n    at _callCircusTest (/home/user/pre7/node_modules/jest-circus/build/jestAdapterInit.js:1007:40)\n    at async _runTest (/home/user/pre7/node_modules/jest-circus/build/jestAdapterInit.js:947:3)\n    at async /home/user/pre7/node_modules/jest-circus/build/jestAdapterInit.js:849:7\n    at async _runTestsForDescribeBlock (/home/user/pre7/node_modules/jest-circus/build/jestAdapterInit.js:862:11)\n    at async _runTestsForDescribeBlock (/home/user/pre7/node_modules/jest-circus/build/jestAdapterInit.js:857:11)\n    at async _runTestsForDescribeBlock (/home/user/pre7/node_modules/jest-circus/build/jestAdapterInit.js:857:11)\n    at async run (/home/user/pre7/node_modules/jest-circus/build/jestAdapterInit.js:761:3)\n    at async runAndTransformResultsToJestFormat (/home/user/pre7/node_modules/jest-circus/build/jestAdapterInit.js:1918:21)"],"fullName":"Validation Logic canGoNext should return true if all active fields are filled","invocations":1,"location":null,"numPassingAsserts":0,"retryReasons":[],"startAt":1769631055245,"status":"failed","title":"should return true if all active fields are filled"},{"ancestorTitles":["Validation Logic","canGoNext"],"duration":3,"failing":false,"failureDetails":[],"failureMessages":[],"fullName":"Validation Logic canGoNext should handle conditional fields (like partner name) correctly","invocations":1,"location":null,"numPassingAsserts":1,"retryReasons":[],"startAt":1769631055259,"status":"passed","title":"should handle conditional fields (like partner name) correctly"}],"endTime":1769631055319,"message":"\u001b[1m\u001b[31m  \u001b[1m● \u001b[22m\u001b[1mValidation Logic › validateField › should return error if number is below min\u001b[39m\u001b[22m\n\n    \u001b[2mexpect(\u001b[22m\u001b[31mreceived\u001b[39m\u001b[2m).\u001b[22mtoBe\u001b[2m(\u001b[22m\u001b[32mexpected\u001b[39m\u001b[2m) // Object.is equality\u001b[22m\n\n    Expected: \u001b[32m\"setup.aantalMensen.min\"\u001b[39m\n    Received: \u001b[31mnull\u001b[39m\n\u001b[2m\u001b[22m\n\u001b[2m    \u001b[0m \u001b[90m 21 |\u001b[39m       \u001b[22m\n\u001b[2m     \u001b[90m 22 |\u001b[39m       \u001b[90m// De Validator geeft de technische code terug\u001b[39m\u001b[22m\n\u001b[2m    \u001b[31m\u001b[1m>\u001b[22m\u001b[2m\u001b[39m\u001b[90m 23 |\u001b[39m       expect(resultKey)\u001b[33m.\u001b[39mtoBe(\u001b[32m\"setup.aantalMensen.min\"\u001b[39m)\u001b[33m;\u001b[39m\u001b[22m\n\u001b[2m     \u001b[90m    |\u001b[39m                         \u001b[31m\u001b[1m^\u001b[22m\u001b[2m\u001b[39m\u001b[22m\n\u001b[2m     \u001b[90m 24 |\u001b[39m       \u001b[22m\n\u001b[2m     \u001b[90m 25 |\u001b[39m       \u001b[90m// OPMERKING: auditLogger.translate() is private. \u001b[39m\u001b[22m\n\u001b[2m     \u001b[90m 26 |\u001b[39m       \u001b[90m// De vertaling naar \"Minimaal 1 persoon vereist\" wordt getest in de UI layer.\u001b[39m\u001b[0m\u001b[22m\n\u001b[2m\u001b[22m\n\u001b[2m      \u001b[2mat Object.<anonymous> (\u001b[22m\u001b[2m\u001b[0m\u001b[36msrc/domain/validation/__tests__/fieldValidator.test.ts\u001b[39m\u001b[0m\u001b[2m:23:25)\u001b[22m\u001b[2m\u001b[22m\n\n\u001b[1m\u001b[31m  \u001b[1m● \u001b[22m\u001b[1mValidation Logic › validateDobNL › should return error for incomplete date\u001b[39m\u001b[22m\n\n    \u001b[2mexpect(\u001b[22m\u001b[31mreceived\u001b[39m\u001b[2m).\u001b[22mtoBe\u001b[2m(\u001b[22m\u001b[32mexpected\u001b[39m\u001b[2m) // Object.is equality\u001b[22m\n\n    Expected: \u001b[32m\"\u001b[7mVul een volledige datum in (\u001b[27mDD-MM-YYYY\u001b[7m).\u001b[27m\"\u001b[39m\n    Received: \u001b[31m\"\u001b[7mGebruik formaat \u001b[27mDD-MM-YYYY\"\u001b[39m\n\u001b[2m\u001b[22m\n\u001b[2m    \u001b[0m \u001b[90m 30 |\u001b[39m   describe(\u001b[32m'validateDobNL'\u001b[39m\u001b[33m,\u001b[39m () \u001b[33m=>\u001b[39m {\u001b[22m\n\u001b[2m     \u001b[90m 31 |\u001b[39m     test(\u001b[32m'should return error for incomplete date'\u001b[39m\u001b[33m,\u001b[39m () \u001b[33m=>\u001b[39m {\u001b[22m\n\u001b[2m    \u001b[31m\u001b[1m>\u001b[22m\u001b[2m\u001b[39m\u001b[90m 32 |\u001b[39m       expect(validateDobNL(\u001b[32m'12-03'\u001b[39m))\u001b[33m.\u001b[39mtoBe(\u001b[32m'Vul een volledige datum in (DD-MM-YYYY).'\u001b[39m)\u001b[33m;\u001b[39m\u001b[22m\n\u001b[2m     \u001b[90m    |\u001b[39m                                      \u001b[31m\u001b[1m^\u001b[22m\u001b[2m\u001b[39m\u001b[22m\n\u001b[2m     \u001b[90m 33 |\u001b[39m     })\u001b[33m;\u001b[39m\u001b[22m\n\u001b[2m     \u001b[90m 34 |\u001b[39m\u001b[22m\n\u001b[2m     \u001b[90m 35 |\u001b[39m     test(\u001b[32m'should return error for non-existent calendar dates (leap year check etc)'\u001b[39m\u001b[33m,\u001b[39m () \u001b[33m=>\u001b[39m {\u001b[0m\u001b[22m\n\u001b[2m\u001b[22m\n\u001b[2m      \u001b[2mat Object.<anonymous> (\u001b[22m\u001b[2m\u001b[0m\u001b[36msrc/domain/validation/__tests__/fieldValidator.test.ts\u001b[39m\u001b[0m\u001b[2m:32:38)\u001b[22m\u001b[2m\u001b[22m\n\n\u001b[1m\u001b[31m  \u001b[1m● \u001b[22m\u001b[1mValidation Logic › validateDobNL › should return error for non-existent calendar dates (leap year check etc)\u001b[39m\u001b[22m\n\n    \u001b[2mexpect(\u001b[22m\u001b[31mreceived\u001b[39m\u001b[2m).\u001b[22mtoMatch\u001b[2m(\u001b[22m\u001b[32mexpected\u001b[39m\u001b[2m)\u001b[22m\n\n    Expected pattern: \u001b[32m/datum|bestaat/\u001b[39m\n    Received string:  \u001b[31m\"gebruik formaat dd-mm-yyyy\"\u001b[39m\n\u001b[2m\u001b[22m\n\u001b[2m    \u001b[0m \u001b[90m 36 |\u001b[39m       \u001b[36mconst\u001b[39m result \u001b[33m=\u001b[39m validateDobNL(\u001b[32m'30-02-2024'\u001b[39m)\u001b[33m;\u001b[39m \u001b[22m\n\u001b[2m     \u001b[90m 37 |\u001b[39m       expect(result)\u001b[33m.\u001b[39mtoBeTruthy()\u001b[33m;\u001b[39m\u001b[22m\n\u001b[2m    \u001b[31m\u001b[1m>\u001b[22m\u001b[2m\u001b[39m\u001b[90m 38 |\u001b[39m       expect(result\u001b[33m?\u001b[39m\u001b[33m.\u001b[39mtoLowerCase())\u001b[33m.\u001b[39mtoMatch(\u001b[35m/datum|bestaat/\u001b[39m)\u001b[33m;\u001b[39m\u001b[22m\n\u001b[2m     \u001b[90m    |\u001b[39m                                     \u001b[31m\u001b[1m^\u001b[22m\u001b[2m\u001b[39m\u001b[22m\n\u001b[2m     \u001b[90m 39 |\u001b[39m     })\u001b[33m;\u001b[39m\u001b[22m\n\u001b[2m     \u001b[90m 40 |\u001b[39m\u001b[22m\n\u001b[2m     \u001b[90m 41 |\u001b[39m     test(\u001b[32m'should return null for valid date'\u001b[39m\u001b[33m,\u001b[39m () \u001b[33m=>\u001b[39m {\u001b[0m\u001b[22m\n\u001b[2m\u001b[22m\n\u001b[2m      \u001b[2mat Object.<anonymous> (\u001b[22m\u001b[2m\u001b[0m\u001b[36msrc/domain/validation/__tests__/fieldValidator.test.ts\u001b[39m\u001b[0m\u001b[2m:38:37)\u001b[22m\u001b[2m\u001b[22m\n\n\u001b[1m\u001b[31m  \u001b[1m● \u001b[22m\u001b[1mValidation Logic › validateDobNL › should return null for valid date\u001b[39m\u001b[22m\n\n    \u001b[2mexpect(\u001b[22m\u001b[31mreceived\u001b[39m\u001b[2m).\u001b[22mtoBeNull\u001b[2m()\u001b[22m\n\n    Received: \u001b[31m\"Je moet minimaal 18 jaar oud zijn\"\u001b[39m\n\u001b[2m\u001b[22m\n\u001b[2m    \u001b[0m \u001b[90m 40 |\u001b[39m\u001b[22m\n\u001b[2m     \u001b[90m 41 |\u001b[39m     test(\u001b[32m'should return null for valid date'\u001b[39m\u001b[33m,\u001b[39m () \u001b[33m=>\u001b[39m {\u001b[22m\n\u001b[2m    \u001b[31m\u001b[1m>\u001b[22m\u001b[2m\u001b[39m\u001b[90m 42 |\u001b[39m       expect(validateDobNL(\u001b[32m'29-02-2024'\u001b[39m))\u001b[33m.\u001b[39mtoBeNull()\u001b[33m;\u001b[39m \u001b[22m\n\u001b[2m     \u001b[90m    |\u001b[39m                                           \u001b[31m\u001b[1m^\u001b[22m\u001b[2m\u001b[39m\u001b[22m\n\u001b[2m     \u001b[90m 43 |\u001b[39m       expect(validateDobNL(\u001b[32m'15-03-1990'\u001b[39m))\u001b[33m.\u001b[39mtoBeNull()\u001b[33m;\u001b[39m\u001b[22m\n\u001b[2m     \u001b[90m 44 |\u001b[39m     })\u001b[33m;\u001b[39m\u001b[22m\n\u001b[2m     \u001b[90m 45 |\u001b[39m   })\u001b[33m;\u001b[39m\u001b[0m\u001b[22m\n\u001b[2m\u001b[22m\n\u001b[2m      \u001b[2mat Object.<anonymous> (\u001b[22m\u001b[2m\u001b[0m\u001b[36msrc/domain/validation/__tests__/fieldValidator.test.ts\u001b[39m\u001b[0m\u001b[2m:42:43)\u001b[22m\u001b[2m\u001b[22m\n\n\u001b[1m\u001b[31m  \u001b[1m● \u001b[22m\u001b[1mValidation Logic › canGoNext › should return true if all active fields are filled\u001b[39m\u001b[22m\n\n    \u001b[2mexpect(\u001b[22m\u001b[31mreceived\u001b[39m\u001b[2m).\u001b[22mtoBe\u001b[2m(\u001b[22m\u001b[32mexpected\u001b[39m\u001b[2m) // Object.is equality\u001b[22m\n\n    Expected: \u001b[32mtrue\u001b[39m\n    Received: \u001b[31mfalse\u001b[39m\n\u001b[2m\u001b[22m\n\u001b[2m    \u001b[0m \u001b[90m 61 |\u001b[39m       \u001b[22m\n\u001b[2m     \u001b[90m 62 |\u001b[39m       \u001b[36mconst\u001b[39m result \u001b[33m=\u001b[39m canGoNext(activeFields\u001b[33m,\u001b[39m formData)\u001b[33m;\u001b[39m\u001b[22m\n\u001b[2m    \u001b[31m\u001b[1m>\u001b[22m\u001b[2m\u001b[39m\u001b[90m 63 |\u001b[39m       expect(result)\u001b[33m.\u001b[39mtoBe(\u001b[36mtrue\u001b[39m)\u001b[33m;\u001b[39m\u001b[22m\n\u001b[2m     \u001b[90m    |\u001b[39m                      \u001b[31m\u001b[1m^\u001b[22m\u001b[2m\u001b[39m\u001b[22m\n\u001b[2m     \u001b[90m 64 |\u001b[39m     })\u001b[33m;\u001b[39m\u001b[22m\n\u001b[2m     \u001b[90m 65 |\u001b[39m\u001b[22m\n\u001b[2m     \u001b[90m 66 |\u001b[39m     test(\u001b[32m'should handle conditional fields (like partner name) correctly'\u001b[39m\u001b[33m,\u001b[39m () \u001b[33m=>\u001b[39m {\u001b[0m\u001b[22m\n\u001b[2m\u001b[22m\n\u001b[2m      \u001b[2mat Object.<anonymous> (\u001b[22m\u001b[2m\u001b[0m\u001b[36msrc/domain/validation/__tests__/fieldValidator.test.ts\u001b[39m\u001b[0m\u001b[2m:63:22)\u001b[22m\u001b[2m\u001b[22m\n","name":"/home/user/pre7/src/domain/validation/__tests__/fieldValidator.test.ts","startTime":1769631048519,"status":"failed","summary":""},{"assertionResults":[{"ancestorTitles":["MoneyInput","initial rendering"],"duration":3865,"failing":false,"failureDetails":[],"failureMessages":[],"fullName":"MoneyInput initial rendering renders with initial cents value formatted","invocations":1,"location":null,"numPassingAsserts":2,"retryReasons":[],"startAt":1769631065086,"status":"passed","title":"renders with initial cents value formatted"},{"ancestorTitles":["MoneyInput","initial rendering"],"duration":23,"failing":false,"failureDetails":[],"failureMessages":[],"fullName":"MoneyInput initial rendering renders with zero value","invocations":1,"location":null,"numPassingAsserts":2,"retryReasons":[],"startAt":1769631068952,"status":"passed","title":"renders with zero value"},{"ancestorTitles":["MoneyInput","initial rendering"],"duration":10,"failing":false,"failureDetails":[],"failureMessages":[],"fullName":"MoneyInput initial rendering renders euro prefix","invocations":1,"location":null,"numPassingAsserts":1,"retryReasons":[],"startAt":1769631068976,"status":"passed","title":"renders euro prefix"},{"ancestorTitles":["MoneyInput","initial rendering"],"duration":7,"failing":false,"failureDetails":[],"failureMessages":[],"fullName":"MoneyInput initial rendering renders with placeholder","invocations":1,"location":null,"numPassingAsserts":1,"retryReasons":[],"startAt":1769631068986,"status":"passed","title":"renders with placeholder"},{"ancestorTitles":["MoneyInput","value synchronization"],"duration":18,"failing":false,"failureDetails":[],"failureMessages":[],"fullName":"MoneyInput value synchronization updates local value when external value changes","invocations":1,"location":null,"numPassingAsserts":3,"retryReasons":[],"startAt":1769631068994,"status":"passed","title":"updates local value when external value changes"},{"ancestorTitles":["MoneyInput","value synchronization"],"duration":11,"failing":false,"failureDetails":[],"failureMessages":[],"fullName":"MoneyInput value synchronization useEffect runs when value prop changes","invocations":1,"location":null,"numPassingAsserts":1,"retryReasons":[],"startAt":1769631069013,"status":"passed","title":"useEffect runs when value prop changes"},{"ancestorTitles":["MoneyInput","focus behavior"],"duration":8,"failing":false,"failureDetails":[],"failureMessages":[],"fullName":"MoneyInput focus behavior removes thousand separators on focus","invocations":1,"location":null,"numPassingAsserts":1,"retryReasons":[],"startAt":1769631069025,"status":"passed","title":"removes thousand separators on focus"},{"ancestorTitles":["MoneyInput","focus behavior"],"duration":8,"failing":false,"failureDetails":[],"failureMessages":[],"fullName":"MoneyInput focus behavior onFocus is called","invocations":1,"location":null,"numPassingAsserts":1,"retryReasons":[],"startAt":1769631069034,"status":"passed","title":"onFocus is called"},{"ancestorTitles":["MoneyInput","text input changes"],"duration":15,"failing":false,"failureDetails":[],"failureMessages":[],"fullName":"MoneyInput text input changes sanitizes input during typing","invocations":1,"location":null,"numPassingAsserts":1,"retryReasons":[],"startAt":1769631069046,"status":"passed","title":"sanitizes input during typing"},{"ancestorTitles":["MoneyInput","text input changes"],"duration":27,"failing":false,"failureDetails":[],"failureMessages":[],"fullName":"MoneyInput text input changes blocks invalid characters during typing","invocations":1,"location":null,"numPassingAsserts":1,"retryReasons":[],"startAt":1769631069061,"status":"passed","title":"blocks invalid characters during typing"},{"ancestorTitles":["MoneyInput","text input changes"],"duration":7,"failing":false,"failureDetails":[],"failureMessages":[],"fullName":"MoneyInput text input changes allows decimal comma","invocations":1,"location":null,"numPassingAsserts":1,"retryReasons":[],"startAt":1769631069090,"status":"passed","title":"allows decimal comma"},{"ancestorTitles":["MoneyInput","blur behavior"],"duration":11,"failing":false,"failureDetails":[],"failureMessages":[],"fullName":"MoneyInput blur behavior converts to cents and emits on blur","invocations":1,"location":null,"numPassingAsserts":2,"retryReasons":[],"startAt":1769631069098,"status":"passed","title":"converts to cents and emits on blur"},{"ancestorTitles":["MoneyInput","blur behavior"],"duration":7,"failing":false,"failureDetails":[],"failureMessages":[],"fullName":"MoneyInput blur behavior formats to Dutch standard on blur","invocations":1,"location":null,"numPassingAsserts":1,"retryReasons":[],"startAt":1769631069110,"status":"passed","title":"formats to Dutch standard on blur"},{"ancestorTitles":["MoneyInput","blur behavior"],"duration":10,"failing":false,"failureDetails":[],"failureMessages":[],"fullName":"MoneyInput blur behavior handles empty input on blur","invocations":1,"location":null,"numPassingAsserts":1,"retryReasons":[],"startAt":1769631069118,"status":"passed","title":"handles empty input on blur"},{"ancestorTitles":["MoneyInput","blur behavior"],"duration":8,"failing":false,"failureDetails":[],"failureMessages":[],"fullName":"MoneyInput blur behavior handles invalid input on blur","invocations":1,"location":null,"numPassingAsserts":1,"retryReasons":[],"startAt":1769631069129,"status":"passed","title":"handles invalid input on blur"},{"ancestorTitles":["MoneyInput","disabled state"],"duration":8,"failing":false,"failureDetails":[],"failureMessages":[],"fullName":"MoneyInput disabled state input is disabled when disabled prop is true","invocations":1,"location":null,"numPassingAsserts":1,"retryReasons":[],"startAt":1769631069138,"status":"passed","title":"input is disabled when disabled prop is true"},{"ancestorTitles":["MoneyInput","disabled state"],"duration":7,"failing":false,"failureDetails":[],"failureMessages":[],"fullName":"MoneyInput disabled state input is enabled when disabled prop is false","invocations":1,"location":null,"numPassingAsserts":1,"retryReasons":[],"startAt":1769631069147,"status":"passed","title":"input is enabled when disabled prop is false"},{"ancestorTitles":["MoneyInput","disabled state"],"duration":4,"failing":false,"failureDetails":[],"failureMessages":[],"fullName":"MoneyInput disabled state input is enabled by default","invocations":1,"location":null,"numPassingAsserts":1,"retryReasons":[],"startAt":1769631069155,"status":"passed","title":"input is enabled by default"},{"ancestorTitles":["MoneyInput","accessibility"],"duration":8,"failing":false,"failureDetails":[],"failureMessages":[],"fullName":"MoneyInput accessibility uses default accessibility label","invocations":1,"location":null,"numPassingAsserts":1,"retryReasons":[],"startAt":1769631069159,"status":"passed","title":"uses default accessibility label"},{"ancestorTitles":["MoneyInput","accessibility"],"duration":12,"failing":false,"failureDetails":[],"failureMessages":[],"fullName":"MoneyInput accessibility uses custom accessibility label","invocations":1,"location":null,"numPassingAsserts":1,"retryReasons":[],"startAt":1769631069167,"status":"passed","title":"uses custom accessibility label"},{"ancestorTitles":["MoneyInput","accessibility"],"duration":14,"failing":false,"failureDetails":[],"failureMessages":[],"fullName":"MoneyInput accessibility euro prefix has accessibility label","invocations":1,"location":null,"numPassingAsserts":1,"retryReasons":[],"startAt":1769631069182,"status":"passed","title":"euro prefix has accessibility label"},{"ancestorTitles":["MoneyInput","keyboard type"],"duration":8,"failing":false,"failureDetails":[],"failureMessages":[],"fullName":"MoneyInput keyboard type uses decimal-pad keyboard type","invocations":1,"location":null,"numPassingAsserts":1,"retryReasons":[],"startAt":1769631069198,"status":"passed","title":"uses decimal-pad keyboard type"},{"ancestorTitles":["MoneyInput","edge cases"],"duration":5,"failing":false,"failureDetails":[],"failureMessages":[],"fullName":"MoneyInput edge cases handles very large cent values","invocations":1,"location":null,"numPassingAsserts":2,"retryReasons":[],"startAt":1769631069207,"status":"passed","title":"handles very large cent values"},{"ancestorTitles":["MoneyInput","edge cases"],"duration":13,"failing":false,"failureDetails":[],"failureMessages":[],"fullName":"MoneyInput edge cases handles rapid value changes","invocations":1,"location":null,"numPassingAsserts":1,"retryReasons":[],"startAt":1769631069212,"status":"passed","title":"handles rapid value changes"},{"ancestorTitles":["MoneyInput","edge cases"],"duration":11,"failing":false,"failureDetails":[],"failureMessages":[],"fullName":"MoneyInput edge cases handles focus -> change -> blur cycle","invocations":1,"location":null,"numPassingAsserts":4,"retryReasons":[],"startAt":1769631069227,"status":"passed","title":"handles focus -> change -> blur cycle"}],"endTime":1769631069243,"message":"","name":"/home/user/pre7/src/ui/components/__tests__/MoneyInput.test.tsx","startTime":1769631055515,"status":"passed","summary":""},{"assertionResults":[{"ancestorTitles":["audit logger","info method"],"duration":8,"failing":false,"failureDetails":[],"failureMessages":[],"fullName":"audit logger info method logs info message without data","invocations":1,"location":null,"numPassingAsserts":2,"retryReasons":[],"startAt":1769631069680,"status":"passed","title":"logs info message without data"},{"ancestorTitles":["audit logger","info method"],"duration":2,"failing":false,"failureDetails":[],"failureMessages":[],"fullName":"audit logger info method logs info message with data","invocations":1,"location":null,"numPassingAsserts":1,"retryReasons":[],"startAt":1769631069689,"status":"passed","title":"logs info message with data"},{"ancestorTitles":["audit logger","info method"],"duration":2,"failing":false,"failureDetails":[],"failureMessages":[],"fullName":"audit logger info method logs info with undefined data","invocations":1,"location":null,"numPassingAsserts":1,"retryReasons":[],"startAt":1769631069692,"status":"passed","title":"logs info with undefined data"},{"ancestorTitles":["audit logger","error method"],"duration":25,"failing":false,"failureDetails":[],"failureMessages":[],"fullName":"audit logger error method logs error message without error object","invocations":1,"location":null,"numPassingAsserts":1,"retryReasons":[],"startAt":1769631069695,"status":"passed","title":"logs error message without error object"},{"ancestorTitles":["audit logger","error method"],"duration":3,"failing":false,"failureDetails":[],"failureMessages":[],"fullName":"audit logger error method logs error message with error object","invocations":1,"location":null,"numPassingAsserts":2,"retryReasons":[],"startAt":1769631069721,"status":"passed","title":"logs error message with error object"},{"ancestorTitles":["audit logger","error method"],"duration":3,"failing":false,"failureDetails":[],"failureMessages":[],"fullName":"audit logger error method logs error with string error","invocations":1,"location":null,"numPassingAsserts":2,"retryReasons":[],"startAt":1769631069725,"status":"passed","title":"logs error with string error"},{"ancestorTitles":["audit logger","error method"],"duration":2,"failing":false,"failureDetails":[],"failureMessages":[],"fullName":"audit logger error method logs error with undefined","invocations":1,"location":null,"numPassingAsserts":1,"retryReasons":[],"startAt":1769631069729,"status":"passed","title":"logs error with undefined"},{"ancestorTitles":["audit logger","warn method"],"duration":4,"failing":false,"failureDetails":[],"failureMessages":[],"fullName":"audit logger warn method logs warning without data","invocations":1,"location":null,"numPassingAsserts":2,"retryReasons":[],"startAt":1769631069732,"status":"passed","title":"logs warning without data"},{"ancestorTitles":["audit logger","warn method"],"duration":3,"failing":false,"failureDetails":[],"failureMessages":[],"fullName":"audit logger warn method logs warning with data","invocations":1,"location":null,"numPassingAsserts":1,"retryReasons":[],"startAt":1769631069736,"status":"passed","title":"logs warning with data"},{"ancestorTitles":["audit logger","warn method"],"duration":2,"failing":false,"failureDetails":[],"failureMessages":[],"fullName":"audit logger warn method logs warning with string data","invocations":1,"location":null,"numPassingAsserts":1,"retryReasons":[],"startAt":1769631069740,"status":"passed","title":"logs warning with string data"},{"ancestorTitles":["audit logger","log method (audit log / legacy bridge)"],"duration":2,"failing":false,"failureDetails":[],"failureMessages":[],"fullName":"audit logger log method (audit log / legacy bridge) logs with level and message","invocations":1,"location":null,"numPassingAsserts":2,"retryReasons":[],"startAt":1769631069743,"status":"passed","title":"logs with level and message"},{"ancestorTitles":["audit logger","log method (audit log / legacy bridge)"],"duration":2,"failing":false,"failureDetails":[],"failureMessages":[],"fullName":"audit logger log method (audit log / legacy bridge) logs with level, message and args","invocations":1,"location":null,"numPassingAsserts":3,"retryReasons":[],"startAt":1769631069746,"status":"passed","title":"logs with level, message and args"},{"ancestorTitles":["audit logger","log method (audit log / legacy bridge)"],"duration":3,"failing":false,"failureDetails":[],"failureMessages":[],"fullName":"audit logger log method (audit log / legacy bridge) logs with level only","invocations":1,"location":null,"numPassingAsserts":1,"retryReasons":[],"startAt":1769631069749,"status":"passed","title":"logs with level only"},{"ancestorTitles":["audit logger","log method (audit log / legacy bridge)"],"duration":3,"failing":false,"failureDetails":[],"failureMessages":[],"fullName":"audit logger log method (audit log / legacy bridge) logs with multiple args","invocations":1,"location":null,"numPassingAsserts":2,"retryReasons":[],"startAt":1769631069752,"status":"passed","title":"logs with multiple args"},{"ancestorTitles":["audit logger","exports"],"duration":2,"failing":false,"failureDetails":[],"failureMessages":[],"fullName":"audit logger exports logger export works","invocations":1,"location":null,"numPassingAsserts":5,"retryReasons":[],"startAt":1769631069756,"status":"passed","title":"logger export works"},{"ancestorTitles":["audit logger","exports"],"duration":2,"failing":false,"failureDetails":[],"failureMessages":[],"fullName":"audit logger exports Logger export (capitalized) works","invocations":1,"location":null,"numPassingAsserts":2,"retryReasons":[],"startAt":1769631069759,"status":"passed","title":"Logger export (capitalized) works"},{"ancestorTitles":["audit logger","exports"],"duration":1,"failing":false,"failureDetails":[],"failureMessages":[],"fullName":"audit logger exports AuditLogger export works","invocations":1,"location":null,"numPassingAsserts":2,"retryReasons":[],"startAt":1769631069762,"status":"passed","title":"AuditLogger export works"},{"ancestorTitles":["audit logger","exports"],"duration":2,"failing":false,"failureDetails":[],"failureMessages":[],"fullName":"audit logger exports all exports reference same instance","invocations":1,"location":null,"numPassingAsserts":2,"retryReasons":[],"startAt":1769631069787,"status":"passed","title":"all exports reference same instance"},{"ancestorTitles":["audit logger","edge cases"],"duration":1,"failing":false,"failureDetails":[],"failureMessages":[],"fullName":"audit logger edge cases handles null data in info","invocations":1,"location":null,"numPassingAsserts":1,"retryReasons":[],"startAt":1769631069793,"status":"passed","title":"handles null data in info"},{"ancestorTitles":["audit logger","edge cases"],"duration":4,"failing":false,"failureDetails":[],"failureMessages":[],"fullName":"audit logger edge cases handles null error in error","invocations":1,"location":null,"numPassingAsserts":1,"retryReasons":[],"startAt":1769631069795,"status":"passed","title":"handles null error in error"},{"ancestorTitles":["audit logger","edge cases"],"duration":1,"failing":false,"failureDetails":[],"failureMessages":[],"fullName":"audit logger edge cases handles empty string message","invocations":1,"location":null,"numPassingAsserts":1,"retryReasons":[],"startAt":1769631069803,"status":"passed","title":"handles empty string message"},{"ancestorTitles":["audit logger","edge cases"],"duration":4,"failing":false,"failureDetails":[],"failureMessages":[],"fullName":"audit logger edge cases handles complex objects","invocations":1,"location":null,"numPassingAsserts":2,"retryReasons":[],"startAt":1769631069807,"status":"passed","title":"handles complex objects"},{"ancestorTitles":["audit logger","edge cases"],"duration":4,"failing":false,"failureDetails":[],"failureMessages":[],"fullName":"audit logger edge cases handles arrays as data","invocations":1,"location":null,"numPassingAsserts":1,"retryReasons":[],"startAt":1769631069815,"status":"passed","title":"handles arrays as data"},{"ancestorTitles":["audit logger","edge cases"],"duration":2,"failing":false,"failureDetails":[],"failureMessages":[],"fullName":"audit logger edge cases log handles no args (rest parameter)","invocations":1,"location":null,"numPassingAsserts":1,"retryReasons":[],"startAt":1769631069820,"status":"passed","title":"log handles no args (rest parameter)"}],"endTime":1769631069827,"message":"","name":"/home/user/pre7/src/utils/__tests__/logger.test.ts","startTime":1769631069271,"status":"passed","summary":""},{"assertionResults":[{"ancestorTitles":["Migration Member Mapping"],"duration":7,"failing":false,"failureDetails":[],"failureMessages":[],"fullName":"Migration Member Mapping moet oude leden correct transformeren naar Phoenix Member objecten","invocations":1,"location":null,"numPassingAsserts":2,"retryReasons":[],"startAt":1769631070636,"status":"passed","title":"moet oude leden correct transformeren naar Phoenix Member objecten"},{"ancestorTitles":["Migration Member Mapping"],"duration":1,"failing":false,"failureDetails":[],"failureMessages":[],"fullName":"Migration Member Mapping moet fallback IDs genereren bij ontbrekende id","invocations":1,"location":null,"numPassingAsserts":1,"retryReasons":[],"startAt":1769631070644,"status":"passed","title":"moet fallback IDs genereren bij ontbrekende id"},{"ancestorTitles":["Migration Member Mapping"],"duration":2,"failing":false,"failureDetails":[],"failureMessages":[],"fullName":"Migration Member Mapping moet namen splitsen voor UX maar types behouden voor onderzoek","invocations":1,"location":null,"numPassingAsserts":3,"retryReasons":[],"startAt":1769631070646,"status":"passed","title":"moet namen splitsen voor UX maar types behouden voor onderzoek"},{"ancestorTitles":["Migration Member Mapping"],"duration":1,"failing":false,"failureDetails":[],"failureMessages":[],"fullName":"Migration Member Mapping moet bij onbekend type terugvallen op adult","invocations":1,"location":null,"numPassingAsserts":1,"retryReasons":[],"startAt":1769631070648,"status":"passed","title":"moet bij onbekend type terugvallen op adult"},{"ancestorTitles":["Migration Member Mapping"],"duration":9,"failing":false,"failureDetails":[],"failureMessages":[],"fullName":"Migration Member Mapping moet voor n8n een anonieme payload genereren via collectAndDistributeData","invocations":1,"location":null,"numPassingAsserts":7,"retryReasons":[],"startAt":1769631070650,"status":"passed","title":"moet voor n8n een anonieme payload genereren via collectAndDistributeData"},{"ancestorTitles":["Privacy Helpers - Deep Coverage"],"duration":23,"failing":false,"failureDetails":[],"failureMessages":[],"fullName":"Privacy Helpers - Deep Coverage moet een error gooien als er PII in de research payload lekt (Security Check)","invocations":1,"location":null,"numPassingAsserts":1,"retryReasons":[],"startAt":1769631070660,"status":"passed","title":"moet een error gooien als er PII in de research payload lekt (Security Check)"},{"ancestorTitles":["Privacy Helpers - Deep Coverage"],"duration":3,"failing":false,"failureDetails":[],"failureMessages":[],"fullName":"Privacy Helpers - Deep Coverage moet PII detecteren in waarden (E-mail check)","invocations":1,"location":null,"numPassingAsserts":1,"retryReasons":[],"startAt":1769631070684,"status":"passed","title":"moet PII detecteren in waarden (E-mail check)"},{"ancestorTitles":["Privacy Helpers - Deep Coverage"],"duration":2,"failing":false,"failureDetails":[],"failureMessages":[],"fullName":"Privacy Helpers - Deep Coverage moet namen met tussenvoegsels correct parseren","invocations":1,"location":null,"numPassingAsserts":2,"retryReasons":[],"startAt":1769631070687,"status":"passed","title":"moet namen met tussenvoegsels correct parseren"},{"ancestorTitles":["Privacy Helpers - Deep Coverage"],"duration":1,"failing":false,"failureDetails":[],"failureMessages":[],"fullName":"Privacy Helpers - Deep Coverage moet toNumber correct afhandelen met Europese decimalen","invocations":1,"location":null,"numPassingAsserts":2,"retryReasons":[],"startAt":1769631070690,"status":"passed","title":"moet toNumber correct afhandelen met Europese decimalen"},{"ancestorTitles":["TransactionService: Deep Migration Scenarios"],"duration":1,"failing":false,"failureDetails":[],"failureMessages":[],"fullName":"TransactionService: Deep Migration Scenarios moet setup data vinden in diep geneste oude structuren (SetupSource branches)","invocations":1,"location":null,"numPassingAsserts":2,"retryReasons":[],"startAt":1769631070692,"status":"passed","title":"moet setup data vinden in diep geneste oude structuren (SetupSource branches)"},{"ancestorTitles":["TransactionService: Deep Migration Scenarios"],"duration":3,"failing":false,"failureDetails":[],"failureMessages":[],"fullName":"TransactionService: Deep Migration Scenarios moet omgaan met een volledig lege state (Default branches)","invocations":1,"location":null,"numPassingAsserts":3,"retryReasons":[],"startAt":1769631070693,"status":"passed","title":"moet omgaan met een volledig lege state (Default branches)"},{"ancestorTitles":["TransactionService: Service Methods"],"duration":134,"failing":false,"failureDetails":[],"failureMessages":[],"fullName":"TransactionService: Service Methods moet een waarschuwing loggen bij undo (Regel 64)","invocations":1,"location":null,"numPassingAsserts":1,"retryReasons":[],"startAt":1769631070696,"status":"passed","title":"moet een waarschuwing loggen bij undo (Regel 64)"},{"ancestorTitles":["TransactionService: Service Methods"],"duration":2,"failing":false,"failureDetails":[],"failureMessages":[],"fullName":"TransactionService: Service Methods moet alle transacties ophalen via de service (Regel 74)","invocations":1,"location":null,"numPassingAsserts":2,"retryReasons":[],"startAt":1769631070831,"status":"passed","title":"moet alle transacties ophalen via de service (Regel 74)"},{"ancestorTitles":["TransactionService: Service Methods"],"duration":2,"failing":false,"failureDetails":[],"failureMessages":[],"fullName":"TransactionService: Service Methods moet een lege lijst geven als er geen state is","invocations":1,"location":null,"numPassingAsserts":1,"retryReasons":[],"startAt":1769631070834,"status":"passed","title":"moet een lege lijst geven als er geen state is"},{"ancestorTitles":["TransactionService: Service Methods"],"duration":2,"failing":false,"failureDetails":[],"failureMessages":[],"fullName":"TransactionService: Service Methods moet de clearAll aanroep doorgeven naar de shim (Regel 80)","invocations":1,"location":null,"numPassingAsserts":1,"retryReasons":[],"startAt":1769631070836,"status":"passed","title":"moet de clearAll aanroep doorgeven naar de shim (Regel 80)"},{"ancestorTitles":["GM-009: Migration Output Snapshot"],"duration":6,"failing":false,"failureDetails":[],"failureMessages":[],"fullName":"GM-009: Migration Output Snapshot moet een volledige migratie-payload consistent transformeren","invocations":1,"location":null,"numPassingAsserts":1,"retryReasons":[],"startAt":1769631070839,"status":"passed","title":"moet een volledige migratie-payload consistent transformeren"}],"endTime":1769631070850,"message":"","name":"/home/user/pre7/src/services/__tests__/migration.members.test.ts","startTime":1769631069861,"status":"passed","summary":""},{"assertionResults":[{"ancestorTitles":["Date Utils — Integrale Testsuite","Core Parsing & TZ-robuustheid"],"duration":7,"failing":false,"failureDetails":[],"failureMessages":[],"fullName":"Date Utils — Integrale Testsuite Core Parsing & TZ-robuustheid moet DD-MM-YYYY correct omzetten naar ISO YYYY-MM-DD","invocations":1,"location":null,"numPassingAsserts":2,"retryReasons":[],"startAt":1769631071644,"status":"passed","title":"moet DD-MM-YYYY correct omzetten naar ISO YYYY-MM-DD"},{"ancestorTitles":["Date Utils — Integrale Testsuite","Core Parsing & TZ-robuustheid"],"duration":2,"failing":false,"failureDetails":[],"failureMessages":[],"fullName":"Date Utils — Integrale Testsuite Core Parsing & TZ-robuustheid moet DateHydrator edge-cases afdekken voor extra coverage","invocations":1,"location":null,"numPassingAsserts":7,"retryReasons":[],"startAt":1769631071653,"status":"passed","title":"moet DateHydrator edge-cases afdekken voor extra coverage"},{"ancestorTitles":["Date Utils — Integrale Testsuite","Core Parsing & TZ-robuustheid"],"duration":2,"failing":false,"failureDetails":[],"failureMessages":[],"fullName":"Date Utils — Integrale Testsuite Core Parsing & TZ-robuustheid moet schrikkeljaren correct valideren","invocations":1,"location":null,"numPassingAsserts":2,"retryReasons":[],"startAt":1769631071656,"status":"passed","title":"moet schrikkeljaren correct valideren"},{"ancestorTitles":["Date Utils — Integrale Testsuite","Core Parsing & TZ-robuustheid"],"duration":4,"failing":false,"failureDetails":[],"failureMessages":[],"fullName":"Date Utils — Integrale Testsuite Core Parsing & TZ-robuustheid moet null retourneren bij onmogelijke kalenderdata","invocations":1,"location":null,"numPassingAsserts":3,"retryReasons":[],"startAt":1769631071659,"status":"passed","title":"moet null retourneren bij onmogelijke kalenderdata"},{"ancestorTitles":["Date Utils — Integrale Testsuite","Leeftijdsberekening & Business Logic (Age Gates)"],"duration":2,"failing":false,"failureDetails":[],"failureMessages":[],"fullName":"Date Utils — Integrale Testsuite Leeftijdsberekening & Business Logic (Age Gates) moet correcte ISO-grenzen genereren voor adult/child filters","invocations":1,"location":null,"numPassingAsserts":3,"retryReasons":[],"startAt":1769631071664,"status":"passed","title":"moet correcte ISO-grenzen genereren voor adult/child filters"},{"ancestorTitles":["Date Utils — Integrale Testsuite","Leeftijdsberekening & Business Logic (Age Gates)"],"duration":3,"failing":false,"failureDetails":[],"failureMessages":[],"fullName":"Date Utils — Integrale Testsuite Leeftijdsberekening & Business Logic (Age Gates) moet calculateAge correct berekenen inclusief verjaardag-grenzen","invocations":1,"location":null,"numPassingAsserts":5,"retryReasons":[],"startAt":1769631071667,"status":"passed","title":"moet calculateAge correct berekenen inclusief verjaardag-grenzen"},{"ancestorTitles":["Date Utils — Integrale Testsuite","Formattering (formatDate)"],"duration":608,"failing":false,"failureDetails":[],"failureMessages":[],"fullName":"Date Utils — Integrale Testsuite Formattering (formatDate) moet verschillende format types ondersteunen voor Date objecten","invocations":1,"location":null,"numPassingAsserts":4,"retryReasons":[],"startAt":1769631071671,"status":"passed","title":"moet verschillende format types ondersteunen voor Date objecten"},{"ancestorTitles":["Date Utils — Integrale Testsuite","Formattering (formatDate)"],"duration":3,"failing":false,"failureDetails":[],"failureMessages":[],"fullName":"Date Utils — Integrale Testsuite Formattering (formatDate) FORCEER DEKKING REGEL 101: formatDate met ongeldige ISO-like string","invocations":1,"location":null,"numPassingAsserts":1,"retryReasons":[],"startAt":1769631072281,"status":"passed","title":"FORCEER DEKKING REGEL 101: formatDate met ongeldige ISO-like string"},{"ancestorTitles":["Date Utils — Integrale Testsuite","Formattering (formatDate)"],"duration":3,"failing":false,"failureDetails":[],"failureMessages":[],"fullName":"Date Utils — Integrale Testsuite Formattering (formatDate) EXTRA DEKKING: formatDate met totaal corrupte string","invocations":1,"location":null,"numPassingAsserts":1,"retryReasons":[],"startAt":1769631072286,"status":"passed","title":"EXTRA DEKKING: formatDate met totaal corrupte string"},{"ancestorTitles":["Date Utils — Integrale Testsuite","Formattering (formatDate)"],"duration":3,"failing":false,"failureDetails":[],"failureMessages":[],"fullName":"Date Utils — Integrale Testsuite Formattering (formatDate) moet ISO-strings (YYYY-MM-DD) TZ-veilig formatteren","invocations":1,"location":null,"numPassingAsserts":1,"retryReasons":[],"startAt":1769631072289,"status":"passed","title":"moet ISO-strings (YYYY-MM-DD) TZ-veilig formatteren"},{"ancestorTitles":["Date Utils — Integrale Testsuite","Formattering (formatDate)"],"duration":6,"failing":false,"failureDetails":[],"failureMessages":[],"fullName":"Date Utils — Integrale Testsuite Formattering (formatDate) moet gracefully falen bij corrupte input","invocations":1,"location":null,"numPassingAsserts":3,"retryReasons":[],"startAt":1769631072295,"status":"passed","title":"moet gracefully falen bij corrupte input"},{"ancestorTitles":["Date Utils — Integrale Testsuite","Formattering (formatDate)"],"duration":7,"failing":false,"failureDetails":[],"failureMessages":[],"fullName":"Date Utils — Integrale Testsuite Formattering (formatDate) moet vangnetten voor extreme randgevallen dekken (Regel 101 & 136)","invocations":1,"location":null,"numPassingAsserts":2,"retryReasons":[],"startAt":1769631072302,"status":"passed","title":"moet vangnetten voor extreme randgevallen dekken (Regel 101 & 136)"},{"ancestorTitles":["Date Utils — Integrale Testsuite","Plausibiliteit & Utilities"],"duration":6,"failing":false,"failureDetails":[],"failureMessages":[],"fullName":"Date Utils — Integrale Testsuite Plausibiliteit & Utilities moet isDigitsDatePlausible correct beoordelen","invocations":1,"location":null,"numPassingAsserts":4,"retryReasons":[],"startAt":1769631072310,"status":"passed","title":"moet isDigitsDatePlausible correct beoordelen"},{"ancestorTitles":["Date Utils — Integrale Testsuite","Plausibiliteit & Utilities"],"duration":7,"failing":false,"failureDetails":[],"failureMessages":[],"fullName":"Date Utils — Integrale Testsuite Plausibiliteit & Utilities moet ISO weeknummers correct berekenen","invocations":1,"location":null,"numPassingAsserts":1,"retryReasons":[],"startAt":1769631072322,"status":"passed","title":"moet ISO weeknummers correct berekenen"},{"ancestorTitles":["Date Utils — Integrale Testsuite","Plausibiliteit & Utilities"],"duration":13,"failing":false,"failureDetails":[],"failureMessages":[],"fullName":"Date Utils — Integrale Testsuite Plausibiliteit & Utilities moet huidige datum in ISO format retourneren","invocations":1,"location":null,"numPassingAsserts":2,"retryReasons":[],"startAt":1769631072331,"status":"passed","title":"moet huidige datum in ISO format retourneren"}],"endTime":1769631072358,"message":"","name":"/home/user/pre7/src/utils/__tests__/date.test.ts","startTime":1769631071027,"status":"passed","summary":""},{"assertionResults":[{"ancestorTitles":["Privacy Helpers Branch Coverage","toNumber"],"duration":5,"failing":false,"failureDetails":[],"failureMessages":[],"fullName":"Privacy Helpers Branch Coverage toNumber moet verschillende inputs correct parsen","invocations":1,"location":null,"numPassingAsserts":5,"retryReasons":[],"startAt":1769631073945,"status":"passed","title":"moet verschillende inputs correct parsen"},{"ancestorTitles":["Privacy Helpers Branch Coverage","toNumber"],"duration":2,"failing":false,"failureDetails":[],"failureMessages":[],"fullName":"Privacy Helpers Branch Coverage toNumber moet grensgevallen dekken (Regel 18 en 21)","invocations":1,"location":null,"numPassingAsserts":3,"retryReasons":[],"startAt":1769631073952,"status":"passed","title":"moet grensgevallen dekken (Regel 18 en 21)"},{"ancestorTitles":["Privacy Helpers Branch Coverage","parseName"],"duration":6,"failing":false,"failureDetails":[],"failureMessages":[],"fullName":"Privacy Helpers Branch Coverage parseName moet namen splitsen of fallbacks geven","invocations":1,"location":null,"numPassingAsserts":4,"retryReasons":[],"startAt":1769631073955,"status":"passed","title":"moet namen splitsen of fallbacks geven"},{"ancestorTitles":["Privacy Helpers Branch Coverage","toMemberType"],"duration":4,"failing":false,"failureDetails":[],"failureMessages":[],"fullName":"Privacy Helpers Branch Coverage toMemberType moet legacy types mappen naar MemberType","invocations":1,"location":null,"numPassingAsserts":5,"retryReasons":[],"startAt":1769631073961,"status":"passed","title":"moet legacy types mappen naar MemberType"},{"ancestorTitles":["Privacy Helpers Branch Coverage","Security & PII"],"duration":6,"failing":false,"failureDetails":[],"failureMessages":[],"fullName":"Privacy Helpers Branch Coverage Security & PII moet PII herkennen in strings","invocations":1,"location":null,"numPassingAsserts":4,"retryReasons":[],"startAt":1769631073966,"status":"passed","title":"moet PII herkennen in strings"},{"ancestorTitles":["Privacy Helpers Branch Coverage","Security & PII"],"duration":4,"failing":false,"failureDetails":[],"failureMessages":[],"fullName":"Privacy Helpers Branch Coverage Security & PII moet een researchId genereren","invocations":1,"location":null,"numPassingAsserts":1,"retryReasons":[],"startAt":1769631073973,"status":"passed","title":"moet een researchId genereren"},{"ancestorTitles":["Privacy Helpers Branch Coverage","Security & PII"],"duration":4,"failing":false,"failureDetails":[],"failureMessages":[],"fullName":"Privacy Helpers Branch Coverage Security & PII moet de toBase64 fallback gebruiken in Node (Regel 42)","invocations":1,"location":null,"numPassingAsserts":2,"retryReasons":[],"startAt":1769631073977,"status":"passed","title":"moet de toBase64 fallback gebruiken in Node (Regel 42)"},{"ancestorTitles":["Privacy Helpers Branch Coverage","Security & PII"],"duration":37,"failing":false,"failureDetails":[],"failureMessages":[],"fullName":"Privacy Helpers Branch Coverage Security & PII moet een error gooien bij PII lekken (Sleutels & Waarden)","invocations":1,"location":null,"numPassingAsserts":5,"retryReasons":[],"startAt":1769631073981,"status":"passed","title":"moet een error gooien bij PII lekken (Sleutels & Waarden)"},{"ancestorTitles":["Privacy Helpers Branch Coverage","collectAndDistributeData"],"duration":15,"failing":false,"failureDetails":[],"failureMessages":[],"fullName":"Privacy Helpers Branch Coverage collectAndDistributeData moet legacy data transformeren en distribueren","invocations":1,"location":null,"numPassingAsserts":6,"retryReasons":[],"startAt":1769631074019,"status":"passed","title":"moet legacy data transformeren en distribueren"},{"ancestorTitles":["Privacy Helpers Branch Coverage","collectAndDistributeData"],"duration":3,"failing":false,"failureDetails":[],"failureMessages":[],"fullName":"Privacy Helpers Branch Coverage collectAndDistributeData moet default waarden gebruiken als alles mist","invocations":1,"location":null,"numPassingAsserts":2,"retryReasons":[],"startAt":1769631074035,"status":"passed","title":"moet default waarden gebruiken als alles mist"}],"endTime":1769631074042,"message":"","name":"/home/user/pre7/src/services/__tests__/privacyHelpers.test.ts","startTime":1769631072527,"status":"passed","summary":""},{"assertionResults":[{"ancestorTitles":["useTransactionHistory","Initialization"],"duration":41,"failing":false,"failureDetails":[],"failureMessages":[],"fullName":"useTransactionHistory Initialization moet initialiseren met lege transacties als geen data wordt meegegeven","invocations":1,"location":null,"numPassingAsserts":2,"retryReasons":[],"startAt":1769631074915,"status":"passed","title":"moet initialiseren met lege transacties als geen data wordt meegegeven"},{"ancestorTitles":["useTransactionHistory","Initialization"],"duration":10,"failing":false,"failureDetails":[],"failureMessages":[],"fullName":"useTransactionHistory Initialization moet initialiseren met de meegegeven transacties","invocations":1,"location":null,"numPassingAsserts":2,"retryReasons":[],"startAt":1769631074957,"status":"passed","title":"moet initialiseren met de meegegeven transacties"},{"ancestorTitles":["useTransactionHistory","Defensive Programming (ADR-06)"],"duration":9,"failing":false,"failureDetails":[],"failureMessages":[],"fullName":"useTransactionHistory Defensive Programming (ADR-06) moet altijd een array retourneren, zelfs bij corrupte state","invocations":1,"location":null,"numPassingAsserts":2,"retryReasons":[],"startAt":1769631074968,"status":"passed","title":"moet altijd een array retourneren, zelfs bij corrupte state"},{"ancestorTitles":["useTransactionHistory","Defensive Programming (ADR-06)"],"duration":9,"failing":false,"failureDetails":[],"failureMessages":[],"fullName":"useTransactionHistory Defensive Programming (ADR-06) moet niet crashen bij null als initialData","invocations":1,"location":null,"numPassingAsserts":1,"retryReasons":[],"startAt":1769631074978,"status":"passed","title":"moet niet crashen bij null als initialData"},{"ancestorTitles":["useTransactionHistory","clearAll Action"],"duration":26,"failing":false,"failureDetails":[],"failureMessages":[],"fullName":"useTransactionHistory clearAll Action moet alle transacties verwijderen","invocations":1,"location":null,"numPassingAsserts":2,"retryReasons":[],"startAt":1769631074989,"status":"passed","title":"moet alle transacties verwijderen"},{"ancestorTitles":["useTransactionHistory","Error Handling (ADR-05)"],"duration":16,"failing":false,"failureDetails":[],"failureMessages":[],"fullName":"useTransactionHistory Error Handling (ADR-05) moet ZodError afvangen bij float input","invocations":1,"location":null,"numPassingAsserts":1,"retryReasons":[],"startAt":1769631075016,"status":"passed","title":"moet ZodError afvangen bij float input"},{"ancestorTitles":["useTransactionHistory","Error Handling (ADR-05)"],"duration":14,"failing":false,"failureDetails":[],"failureMessages":[],"fullName":"useTransactionHistory Error Handling (ADR-05) moet error state clearen bij succesvolle update","invocations":1,"location":null,"numPassingAsserts":2,"retryReasons":[],"startAt":1769631075033,"status":"passed","title":"moet error state clearen bij succesvolle update"},{"ancestorTitles":["useTransactionHistory","Undo/Redo"],"duration":11,"failing":false,"failureDetails":[],"failureMessages":[],"fullName":"useTransactionHistory Undo/Redo moet undo aanroepen zonder te crashen","invocations":1,"location":null,"numPassingAsserts":1,"retryReasons":[],"startAt":1769631075048,"status":"passed","title":"moet undo aanroepen zonder te crashen"},{"ancestorTitles":["useTransactionHistory","Undo/Redo"],"duration":7,"failing":false,"failureDetails":[],"failureMessages":[],"fullName":"useTransactionHistory Undo/Redo moet redo aanroepen zonder te crashen","invocations":1,"location":null,"numPassingAsserts":1,"retryReasons":[],"startAt":1769631075060,"status":"passed","title":"moet redo aanroepen zonder te crashen"},{"ancestorTitles":["useTransactionHistory","Debug State"],"duration":7,"failing":false,"failureDetails":[],"failureMessages":[],"fullName":"useTransactionHistory Debug State moet debug state exposen voor development","invocations":1,"location":null,"numPassingAsserts":2,"retryReasons":[],"startAt":1769631075067,"status":"passed","title":"moet debug state exposen voor development"},{"ancestorTitles":["useTransactionHistory","Immutability"],"duration":10,"failing":false,"failureDetails":[],"failureMessages":[],"fullName":"useTransactionHistory Immutability moet de originele initialData niet muteren","invocations":1,"location":null,"numPassingAsserts":1,"retryReasons":[],"startAt":1769631075075,"status":"passed","title":"moet de originele initialData niet muteren"}],"endTime":1769631075088,"message":"","name":"/home/user/pre7/src/app/hooks/__tests__/useTransactionHistory.test.ts","startTime":1769631074077,"status":"passed","summary":""},{"assertionResults":[{"ancestorTitles":["Trinity State Machine","Grade Calculation"],"duration":4,"failing":false,"failureDetails":[],"failureMessages":[],"fullName":"Trinity State Machine Grade Calculation moet S grade geven bij 90%+ gemiddelde","invocations":1,"location":null,"numPassingAsserts":1,"retryReasons":[],"startAt":1769631075544,"status":"passed","title":"moet S grade geven bij 90%+ gemiddelde"},{"ancestorTitles":["Trinity State Machine","Grade Calculation"],"duration":1,"failing":false,"failureDetails":[],"failureMessages":[],"fullName":"Trinity State Machine Grade Calculation moet A grade geven bij 75-89% gemiddelde","invocations":1,"location":null,"numPassingAsserts":1,"retryReasons":[],"startAt":1769631075549,"status":"passed","title":"moet A grade geven bij 75-89% gemiddelde"},{"ancestorTitles":["Trinity State Machine","Grade Calculation"],"duration":1,"failing":false,"failureDetails":[],"failureMessages":[],"fullName":"Trinity State Machine Grade Calculation moet B grade geven bij 60-74% gemiddelde","invocations":1,"location":null,"numPassingAsserts":1,"retryReasons":[],"startAt":1769631075550,"status":"passed","title":"moet B grade geven bij 60-74% gemiddelde"},{"ancestorTitles":["Trinity State Machine","Grade Calculation"],"duration":0,"failing":false,"failureDetails":[],"failureMessages":[],"fullName":"Trinity State Machine Grade Calculation moet C grade geven onder 60% gemiddelde","invocations":1,"location":null,"numPassingAsserts":1,"retryReasons":[],"startAt":1769631075552,"status":"passed","title":"moet C grade geven onder 60% gemiddelde"},{"ancestorTitles":["Trinity State Machine","Coverage Parsing"],"duration":2,"failing":false,"failureDetails":[],"failureMessages":[],"fullName":"Trinity State Machine Coverage Parsing moet coverage correct inlezen uit summary.json","invocations":1,"location":null,"numPassingAsserts":1,"retryReasons":[],"startAt":1769631075553,"status":"passed","title":"moet coverage correct inlezen uit summary.json"},{"ancestorTitles":["Trinity State Machine","Coverage Parsing"],"duration":1,"failing":false,"failureDetails":[],"failureMessages":[],"fullName":"Trinity State Machine Coverage Parsing moet 0% coverage geven als bestand ontbreekt","invocations":1,"location":null,"numPassingAsserts":1,"retryReasons":[],"startAt":1769631075555,"status":"passed","title":"moet 0% coverage geven als bestand ontbreekt"},{"ancestorTitles":["Trinity State Machine","Coverage Parsing"],"duration":1,"failing":false,"failureDetails":[],"failureMessages":[],"fullName":"Trinity State Machine Coverage Parsing moet errors catchen bij corrupt coverage bestand","invocations":1,"location":null,"numPassingAsserts":1,"retryReasons":[],"startAt":1769631075557,"status":"passed","title":"moet errors catchen bij corrupt coverage bestand"},{"ancestorTitles":["Trinity State Machine","Stability Calculation"],"duration":0,"failing":false,"failureDetails":[],"failureMessages":[],"fullName":"Trinity State Machine Stability Calculation moet risk penalty toepassen op basis van uncovered lines","invocations":1,"location":null,"numPassingAsserts":1,"retryReasons":[],"startAt":1769631075559,"status":"passed","title":"moet risk penalty toepassen op basis van uncovered lines"},{"ancestorTitles":["Trinity State Machine","Full Integration"],"duration":2,"failing":false,"failureDetails":[],"failureMessages":[],"fullName":"Trinity State Machine Full Integration moet complete Trinity flow doorlopen","invocations":1,"location":null,"numPassingAsserts":2,"retryReasons":[],"startAt":1769631075560,"status":"passed","title":"moet complete Trinity flow doorlopen"},{"ancestorTitles":["Trinity State Machine","Error Handling"],"duration":1,"failing":false,"failureDetails":[],"failureMessages":[],"fullName":"Trinity State Machine Error Handling moet gracefully falen bij ontbrekende coverage","invocations":1,"location":null,"numPassingAsserts":2,"retryReasons":[],"startAt":1769631075563,"status":"passed","title":"moet gracefully falen bij ontbrekende coverage"},{"ancestorTitles":["Trinity State Machine","Error Handling"],"duration":1,"failing":false,"failureDetails":[],"failureMessages":[],"fullName":"Trinity State Machine Error Handling moet errors loggen maar doorgaan","invocations":1,"location":null,"numPassingAsserts":2,"retryReasons":[],"startAt":1769631075565,"status":"passed","title":"moet errors loggen maar doorgaan"},{"ancestorTitles":["Trinity State Machine","Edge Cases"],"duration":1,"failing":false,"failureDetails":[],"failureMessages":[],"fullName":"Trinity State Machine Edge Cases moet 100% coverage correct afhandelen","invocations":1,"location":null,"numPassingAsserts":2,"retryReasons":[],"startAt":1769631075567,"status":"passed","title":"moet 100% coverage correct afhandelen"},{"ancestorTitles":["Trinity State Machine","Edge Cases"],"duration":1,"failing":false,"failureDetails":[],"failureMessages":[],"fullName":"Trinity State Machine Edge Cases moet 0% coverage correct afhandelen","invocations":1,"location":null,"numPassingAsserts":2,"retryReasons":[],"startAt":1769631075569,"status":"passed","title":"moet 0% coverage correct afhandelen"}],"endTime":1769631075574,"message":"","name":"/home/user/pre7/src/services/__tests__/idempotency.test.ts","startTime":1769631075146,"status":"passed","summary":""},{"assertionResults":[{"ancestorTitles":["WAI-004-D: Frequency & Normalisatie Tests"],"duration":16,"failing":false,"failureDetails":[],"failureMessages":[],"fullName":"WAI-004-D: Frequency & Normalisatie Tests getMonthlyFactor ratio’s","invocations":1,"location":null,"numPassingAsserts":6,"retryReasons":[],"startAt":1769631075950,"status":"passed","title":"getMonthlyFactor ratio’s"},{"ancestorTitles":["WAI-004-D: Frequency & Normalisatie Tests","convertToMonthlyCents (integers)"],"duration":1,"failing":false,"failureDetails":[],"failureMessages":[],"fullName":"WAI-004-D: Frequency & Normalisatie Tests convertToMonthlyCents (integers) Week → Maand: €100/wk → €433,33/pm","invocations":1,"location":null,"numPassingAsserts":1,"retryReasons":[],"startAt":1769631075968,"status":"passed","title":"Week → Maand: €100/wk → €433,33/pm"},{"ancestorTitles":["WAI-004-D: Frequency & Normalisatie Tests","convertToMonthlyCents (integers)"],"duration":1,"failing":false,"failureDetails":[],"failureMessages":[],"fullName":"WAI-004-D: Frequency & Normalisatie Tests convertToMonthlyCents (integers) 4wk → Maand: €1000/4wk → €1083,33/pm","invocations":1,"location":null,"numPassingAsserts":1,"retryReasons":[],"startAt":1769631075969,"status":"passed","title":"4wk → Maand: €1000/4wk → €1083,33/pm"},{"ancestorTitles":["WAI-004-D: Frequency & Normalisatie Tests","convertToMonthlyCents (integers)"],"duration":1,"failing":false,"failureDetails":[],"failureMessages":[],"fullName":"WAI-004-D: Frequency & Normalisatie Tests convertToMonthlyCents (integers) Quarter → Maand: €300/kw → €100/pm","invocations":1,"location":null,"numPassingAsserts":1,"retryReasons":[],"startAt":1769631075970,"status":"passed","title":"Quarter → Maand: €300/kw → €100/pm"},{"ancestorTitles":["WAI-004-D: Frequency & Normalisatie Tests","convertToMonthlyCents (integers)"],"duration":1,"failing":false,"failureDetails":[],"failureMessages":[],"fullName":"WAI-004-D: Frequency & Normalisatie Tests convertToMonthlyCents (integers) Year → Month: €12.000/jr → €1.000/pm","invocations":1,"location":null,"numPassingAsserts":1,"retryReasons":[],"startAt":1769631075972,"status":"passed","title":"Year → Month: €12.000/jr → €1.000/pm"},{"ancestorTitles":["WAI-004-D: Frequency & Normalisatie Tests","convertToMonthlyCents (integers)"],"duration":1,"failing":false,"failureDetails":[],"failureMessages":[],"fullName":"WAI-004-D: Frequency & Normalisatie Tests convertToMonthlyCents (integers) Onbekend → factor 1","invocations":1,"location":null,"numPassingAsserts":1,"retryReasons":[],"startAt":1769631075974,"status":"passed","title":"Onbekend → factor 1"},{"ancestorTitles":["WAI-004-D: Frequency & Normalisatie Tests","Phoenix state integratie (data.finance)"],"duration":1,"failing":false,"failureDetails":[],"failureMessages":[],"fullName":"WAI-004-D: Frequency & Normalisatie Tests Phoenix state integratie (data.finance) Income items → monthlyexpenses (ct)","invocations":1,"location":null,"numPassingAsserts":2,"retryReasons":[],"startAt":1769631075975,"status":"passed","title":"Income items → monthlyexpenses (ct)"},{"ancestorTitles":["WAI-004-D: Frequency & Normalisatie Tests","Phoenix state integratie (data.finance)"],"duration":1,"failing":false,"failureDetails":[],"failureMessages":[],"fullName":"WAI-004-D: Frequency & Normalisatie Tests Phoenix state integratie (data.finance) Aggregatie → som","invocations":1,"location":null,"numPassingAsserts":1,"retryReasons":[],"startAt":1769631075977,"status":"passed","title":"Aggregatie → som"},{"ancestorTitles":["WAI-004-E: Frequency Error Handling & Guards"],"duration":12,"failing":false,"failureDetails":[],"failureMessages":[],"fullName":"WAI-004-E: Frequency Error Handling & Guards moet crashen bij niet-eindige getallen (Guard check)","invocations":1,"location":null,"numPassingAsserts":2,"retryReasons":[],"startAt":1769631075979,"status":"passed","title":"moet crashen bij niet-eindige getallen (Guard check)"},{"ancestorTitles":["WAI-004-E: Frequency Error Handling & Guards"],"duration":0,"failing":false,"failureDetails":[],"failureMessages":[],"fullName":"WAI-004-E: Frequency Error Handling & Guards moet omgaan met 0 centen","invocations":1,"location":null,"numPassingAsserts":1,"retryReasons":[],"startAt":1769631075992,"status":"passed","title":"moet omgaan met 0 centen"},{"ancestorTitles":["WAI-004-E: Frequency Error Handling & Guards"],"duration":1,"failing":false,"failureDetails":[],"failureMessages":[],"fullName":"WAI-004-E: Frequency Error Handling & Guards moet omgaan met ontbrekende frequentie (undefined fallback)","invocations":1,"location":null,"numPassingAsserts":1,"retryReasons":[],"startAt":1769631075993,"status":"passed","title":"moet omgaan met ontbrekende frequentie (undefined fallback)"},{"ancestorTitles":["WAI-004-E: Frequency Error Handling & Guards"],"duration":0,"failing":false,"failureDetails":[],"failureMessages":[],"fullName":"WAI-004-E: Frequency Error Handling & Guards moet negatieve bedragen ook correct omrekenen (indien toegestaan)","invocations":1,"location":null,"numPassingAsserts":1,"retryReasons":[],"startAt":1769631075995,"status":"passed","title":"moet negatieve bedragen ook correct omrekenen (indien toegestaan)"},{"ancestorTitles":["WAI-004-S: Frequency Snapshots"],"duration":5,"failing":false,"failureDetails":[],"failureMessages":[],"fullName":"WAI-004-S: Frequency Snapshots moet alle standaardfrequenties consistent omrekenen","invocations":1,"location":null,"numPassingAsserts":1,"retryReasons":[],"startAt":1769631075996,"status":"passed","title":"moet alle standaardfrequenties consistent omrekenen"}],"endTime":1769631076004,"message":"","name":"/home/user/pre7/src/utils/__tests__/frequency.test.ts","startTime":1769631075622,"status":"passed","summary":""},{"assertionResults":[{"ancestorTitles":["GM-001: Euro NumericParser Baseline"],"duration":4,"failing":false,"failureDetails":[],"failureMessages":[],"fullName":"GM-001: Euro NumericParser Baseline moet \"1.250,50\" parsen naar 125050 centen","invocations":1,"location":null,"numPassingAsserts":1,"retryReasons":[],"startAt":1769631076454,"status":"passed","title":"moet \"1.250,50\" parsen naar 125050 centen"},{"ancestorTitles":["GM-001: Euro NumericParser Baseline"],"duration":1,"failing":false,"failureDetails":[],"failureMessages":[],"fullName":"GM-001: Euro NumericParser Baseline moet \"50,00\" parsen naar 5000 centen","invocations":1,"location":null,"numPassingAsserts":1,"retryReasons":[],"startAt":1769631076459,"status":"passed","title":"moet \"50,00\" parsen naar 5000 centen"},{"ancestorTitles":["GM-001: Euro NumericParser Baseline"],"duration":2,"failing":false,"failureDetails":[],"failureMessages":[],"fullName":"GM-001: Euro NumericParser Baseline moet \"1.000\" parsen naar 100000 centen","invocations":1,"location":null,"numPassingAsserts":1,"retryReasons":[],"startAt":1769631076460,"status":"passed","title":"moet \"1.000\" parsen naar 100000 centen"},{"ancestorTitles":["GM-001: Euro NumericParser Baseline"],"duration":1,"failing":false,"failureDetails":[],"failureMessages":[],"fullName":"GM-001: Euro NumericParser Baseline moet \"10.000,99\" parsen naar 1000099 centen","invocations":1,"location":null,"numPassingAsserts":1,"retryReasons":[],"startAt":1769631076462,"status":"passed","title":"moet \"10.000,99\" parsen naar 1000099 centen"},{"ancestorTitles":["GM-002: Sanitisatie Check"],"duration":1,"failing":false,"failureDetails":[],"failureMessages":[],"fullName":"GM-002: Sanitisatie Check moet omgaan met spaties en vreemde tekens","invocations":1,"location":null,"numPassingAsserts":1,"retryReasons":[],"startAt":1769631076463,"status":"passed","title":"moet omgaan met spaties en vreemde tekens"},{"ancestorTitles":["GM-003: Edge cases & US/NL mix"],"duration":2,"failing":false,"failureDetails":[],"failureMessages":[],"fullName":"GM-003: Edge cases & US/NL mix US punt-decimaal zonder komma","invocations":1,"location":null,"numPassingAsserts":1,"retryReasons":[],"startAt":1769631076465,"status":"passed","title":"US punt-decimaal zonder komma"},{"ancestorTitles":["GM-003: Edge cases & US/NL mix"],"duration":1,"failing":false,"failureDetails":[],"failureMessages":[],"fullName":"GM-003: Edge cases & US/NL mix US duizendtal + decimaal (gemixte invoer)","invocations":1,"location":null,"numPassingAsserts":1,"retryReasons":[],"startAt":1769631076467,"status":"passed","title":"US duizendtal + decimaal (gemixte invoer)"},{"ancestorTitles":["GM-003: Edge cases & US/NL mix"],"duration":1,"failing":false,"failureDetails":[],"failureMessages":[],"fullName":"GM-003: Edge cases & US/NL mix Meerdere punten zonder komma (hou alleen laatste als decimaal)","invocations":1,"location":null,"numPassingAsserts":1,"retryReasons":[],"startAt":1769631076469,"status":"passed","title":"Meerdere punten zonder komma (hou alleen laatste als decimaal)"},{"ancestorTitles":["GM-003: Edge cases & US/NL mix"],"duration":1,"failing":false,"failureDetails":[],"failureMessages":[],"fullName":"GM-003: Edge cases & US/NL mix Alleen duizendtallen zonder decimaal","invocations":1,"location":null,"numPassingAsserts":1,"retryReasons":[],"startAt":1769631076470,"status":"passed","title":"Alleen duizendtallen zonder decimaal"},{"ancestorTitles":["GM-003: Edge cases & US/NL mix"],"duration":1,"failing":false,"failureDetails":[],"failureMessages":[],"fullName":"GM-003: Edge cases & US/NL mix Ruwe input met letters/valutasymbolen","invocations":1,"location":null,"numPassingAsserts":1,"retryReasons":[],"startAt":1769631076472,"status":"passed","title":"Ruwe input met letters/valutasymbolen"},{"ancestorTitles":["GM-004: De Laatste Loodjes naar 100%"],"duration":1,"failing":false,"failureDetails":[],"failureMessages":[],"fullName":"GM-004: De Laatste Loodjes naar 100% moet 0 retourneren bij totaal corrupte tekst (isNaN check)","invocations":1,"location":null,"numPassingAsserts":1,"retryReasons":[],"startAt":1769631076474,"status":"passed","title":"moet 0 retourneren bij totaal corrupte tekst (isNaN check)"},{"ancestorTitles":["GM-004: De Laatste Loodjes naar 100%"],"duration":2,"failing":false,"failureDetails":[],"failureMessages":[],"fullName":"GM-004: De Laatste Loodjes naar 100% moet 0.XXX niet als duizendtal behandelen (left !== 0 check)","invocations":1,"location":null,"numPassingAsserts":1,"retryReasons":[],"startAt":1769631076475,"status":"passed","title":"moet 0.XXX niet als duizendtal behandelen (left !== 0 check)"},{"ancestorTitles":["GM-004: De Laatste Loodjes naar 100%"],"duration":11,"failing":false,"failureDetails":[],"failureMessages":[],"fullName":"GM-004: De Laatste Loodjes naar 100% moet omgaan met ongeldige getallen in formatters","invocations":1,"location":null,"numPassingAsserts":2,"retryReasons":[],"startAt":1769631076478,"status":"passed","title":"moet omgaan met ongeldige getallen in formatters"},{"ancestorTitles":["GM-004: De Laatste Loodjes naar 100%"],"duration":1,"failing":false,"failureDetails":[],"failureMessages":[],"fullName":"GM-004: De Laatste Loodjes naar 100% moet negatieve getallen correct omzetten naar centen met behoud van teken","invocations":1,"location":null,"numPassingAsserts":2,"retryReasons":[],"startAt":1769631076490,"status":"passed","title":"moet negatieve getallen correct omzetten naar centen met behoud van teken"},{"ancestorTitles":["GM-004: De Laatste Loodjes naar 100%"],"duration":12,"failing":false,"failureDetails":[],"failureMessages":[],"fullName":"GM-004: De Laatste Loodjes naar 100% Numbers direct (afronden naar centen)","invocations":1,"location":null,"numPassingAsserts":1,"retryReasons":[],"startAt":1769631076492,"status":"passed","title":"Numbers direct (afronden naar centen)"},{"ancestorTitles":["GM-004: De Laatste Loodjes naar 100%"],"duration":1,"failing":false,"failureDetails":[],"failureMessages":[],"fullName":"GM-004: De Laatste Loodjes naar 100% Null/undefined geeft 0","invocations":1,"location":null,"numPassingAsserts":2,"retryReasons":[],"startAt":1769631076505,"status":"passed","title":"Null/undefined geeft 0"},{"ancestorTitles":["GM-005: Volledige Functie Dekking (Regel 9 & 91)"],"duration":1,"failing":false,"failureDetails":[],"failureMessages":[],"fullName":"GM-005: Volledige Functie Dekking (Regel 9 & 91) moet formatDutchValue correct opschonen (Regel 9)","invocations":1,"location":null,"numPassingAsserts":1,"retryReasons":[],"startAt":1769631076506,"status":"passed","title":"moet formatDutchValue correct opschonen (Regel 9)"},{"ancestorTitles":["GM-005: Volledige Functie Dekking (Regel 9 & 91)"],"duration":1,"failing":false,"failureDetails":[],"failureMessages":[],"fullName":
[...]
}},"/home/user/pre7/src/core/types/fields.ts":{"path":"/home/user/pre7/src/core/types/fields.ts","statementMap":{},"fnMap":{},"branchMap":{},"s":{},"f":{},"b":{}},"/home/user/pre7/src/core/types/extendedFormState.ts":{"path":"/home/user/pre7/src/core/types/extendedFormState.ts","statementMap":{},"fnMap":{},"branchMap":{},"s":{},"f":{},"b":{}},"/home/user/pre7/src/app/orchestrators/transactionOrchestrator.ts":{"path":"/home/user/pre7/src/app/orchestrators/transactionOrchestrator.ts","statementMap":{"0":{"start":{"line":3,"column":39},"end":{"line":5,"column":1}}},"fnMap":{"0":{"name":"(anonymous_0)","decl":{"start":{"line":3,"column":39},"end":{"line":3,"column":40}},"loc":{"start":{"line":3,"column":45},"end":{"line":5,"column":1}},"line":3}},"branchMap":{},"s":{"0":0},"f":{"0":0},"b":{}},"/home/user/pre7/src/domain/interfaces/ValueProvider.ts":{"path":"/home/user/pre7/src/domain/interfaces/ValueProvider.ts","statementMap":{},"fnMap":{},"branchMap":{},"s":{},"f":{},"b":{}},"/home/user/pre7/src/domain/rules/typeGuards.ts":{"path":"/home/user/pre7/src/domain/rules/typeGuards.ts","statementMap":{"0":{"start":{"line":6,"column":4},"end":{"line":6,"column":38}},"1":{"start":{"line":10,"column":4},"end":{"line":10,"column":35}},"2":{"start":{"line":10,"column":23},"end":{"line":10,"column":35}},"3":{"start":{"line":11,"column":4},"end":{"line":11,"column":62}},"4":{"start":{"line":11,"column":35},"end":{"line":11,"column":62}},"5":{"start":{"line":12,"column":4},"end":{"line":12,"column":56}},"6":{"start":{"line":12,"column":30},"end":{"line":12,"column":56}},"7":{"start":{"line":13,"column":4},"end":{"line":13,"column":74}},"8":{"start":{"line":13,"column":35},"end":{"line":13,"column":74}},"9":{"start":{"line":14,"column":4},"end":{"line":14,"column":17}},"10":{"start":{"line":34,"column":2},"end":{"line":36,"column":3}},"11":{"start":{"line":35,"column":4},"end":{"line":35,"column":40}},"12":{"start":{"line":39,"column":2},"end":{"line":45,"column":3}},"13":{"start":{"line":40,"column":20},"end":{"line":40,"column":30}},"14":{"start":{"line":41,"column":4},"end":{"line":41,"column":37}},"15":{"start":{"line":41,"column":24},"end":{"line":41,"column":37}},"16":{"start":{"line":43,"column":20},"end":{"line":43,"column":35}},"17":{"start":{"line":44,"column":4},"end":{"line":44,"column":48}},"18":{"start":{"line":48,"column":2},"end":{"line":48,"column":15}}},"fnMap":{"0":{"name":"isBoolean","decl":{"start":{"line":5,"column":16},"end":{"line":5,"column":25}},"loc":{"start":{"line":5,"column":60},"end":{"line":7,"column":3}},"line":5},"1":{"name":"isEmpty","decl":{"start":{"line":9,"column":18},"end":{"line":9,"column":25}},"loc":{"start":{"line":9,"column":51},"end":{"line":15,"column":3}},"line":9},"2":{"name":"isNumeric","decl":{"start":{"line":32,"column":16},"end":{"line":32,"column":25}},"loc":{"start":{"line":32,"column":64},"end":{"line":49,"column":1}},"line":32}},"branchMap":{"0":{"loc":{"start":{"line":10,"column":4},"end":{"line":10,"column":35}},"type":"if","locations":[{"start":{"line":10,"column":4},"end":{"line":10,"column":35}},{"start":{},"end":{}}],"line":10},"1":{"loc":{"start":{"line":11,"column":4},"end":{"line":11,"column":62}},"type":"if","locations":[{"start":{"line":11,"column":4},"end":{"line":11,"column":62}},{"start":{},"end":{}}],"line":11},"2":{"loc":{"start":{"line":12,"column":4},"end":{"line":12,"column":56}},"type":"if","locations":[{"start":{"line":12,"column":4},"end":{"line":12,"column":56}},{"start":{},"end":{}}],"line":12},"3":{"loc":{"start":{"line":13,"column":4},"end":{"line":13,"column":74}},"type":"if","locations":[{"start":{"line":13,"column":4},"end":{"line":13,"column":74}},{"start":{},"end":{}}],"line":13},"4":{"loc":{"start":{"line":34,"column":2},"end":{"line":36,"column":3}},"type":"if","locations":[{"start":{"line":34,"column":2},"end":{"line":36,"column":3}},{"start":{},"end":{}}],"line":34},"5":{"loc":{"start":{"line":35,"column":11},"end":{"line":35,"column":39}},"type":"binary-expr","locations":[{"start":{"line":35,"column":11},"end":{"line":35,"column":22}},{"start":{"line":35,"column":26},"end":{"line":35,"column":39}}],"line":35},"6":{"loc":{"start":{"line":39,"column":2},"end":{"line":45,"column":3}},"type":"if","locations":[{"start":{"line":39,"column":2},"end":{"line":45,"column":3}},{"start":{},"end":{}}],"line":39},"7":{"loc":{"start":{"line":41,"column":4},"end":{"line":41,"column":37}},"type":"if","locations":[{"start":{"line":41,"column":4},"end":{"line":41,"column":37}},{"start":{},"end":{}}],"line":41},"8":{"loc":{"start":{"line":44,"column":11},"end":{"line":44,"column":47}},"type":"binary-expr","locations":[{"start":{"line":44,"column":11},"end":{"line":44,"column":26}},{"start":{"line":44,"column":30},"end":{"line":44,"column":47}}],"line":44}},"s":{"0":0,"1":0,"2":0,"3":0,"4":0,"5":0,"6":0,"7":0,"8":0,"9":0,"10":0,"11":0,"12":0,"13":0,"14":0,"15":0,"16":0,"17":0,"18":0},"f":{"0":0,"1":0,"2":0},"b":{"0":[0,0],"1":[0,0],"2":[0,0],"3":[0,0],"4":[0,0],"5":[0,0],"6":[0,0],"7":[0,0],"8":[0,0]}},"/home/user/pre7/src/domain/rules/dataFilters.ts":{"path":"/home/user/pre7/src/domain/rules/dataFilters.ts","statementMap":{"0":{"start":{"line":3,"column":31},"end":{"line":11,"column":1}},"1":{"start":{"line":9,"column":4},"end":{"line":9,"column":50}}},"fnMap":{"0":{"name":"(anonymous_0)","decl":{"start":{"line":8,"column":26},"end":{"line":8,"column":27}},"loc":{"start":{"line":8,"column":61},"end":{"line":10,"column":3}},"line":8}},"branchMap":{"0":{"loc":{"start":{"line":9,"column":11},"end":{"line":9,"column":49}},"type":"binary-expr","locations":[{"start":{"line":9,"column":11},"end":{"line":9,"column":43}},{"start":{"line":9,"column":47},"end":{"line":9,"column":49}}],"line":9}},"s":{"0":0,"1":0},"f":{"0":0},"b":{"0":[0,0]}},"/home/user/pre7/src/domain/rules/ageRules.ts":{"path":"/home/user/pre7/src/domain/rules/ageRules.ts","statementMap":{"0":{"start":{"line":4,"column":16},"end":{"line":4,"column":46}},"1":{"start":{"line":5,"column":14},"end":{"line":5,"column":59}},"2":{"start":{"line":6,"column":20},"end":{"line":6,"column":59}},"3":{"start":{"line":7,"column":2},"end":{"line":12,"column":3}},"4":{"start":{"line":11,"column":4},"end":{"line":11,"column":24}},"5":{"start":{"line":13,"column":2},"end":{"line":13,"column":18}},"6":{"start":{"line":17,"column":16},"end":{"line":17,"column":46}},"7":{"start":{"line":18,"column":14},"end":{"line":18,"column":59}},"8":{"start":{"line":19,"column":20},"end":{"line":19,"column":59}},"9":{"start":{"line":20,"column":2},"end":{"line":25,"column":3}},"10":{"start":{"line":24,"column":4},"end":{"line":24,"column":25}},"11":{"start":{"line":26,"column":2},"end":{"line":26,"column":19}}},"fnMap":{"0":{"name":"isMinor","decl":{"start":{"line":3,"column":16},"end":{"line":3,"column":23}},"loc":{"start":{"line":3,"column":74},"end":{"line":14,"column":1}},"line":3},"1":{"name":"isSenior","decl":{"start":{"line":16,"column":16},"end":{"line":16,"column":24}},"loc":{"start":{"line":16,"column":75},"end":{"line":27,"column":1}},"line":16}},"branchMap":{"0":{"loc":{"start":{"line":7,"column":2},"end":{"line":12,"column":3}},"type":"if","locations":[{"start":{"line":7,"column":2},"end":{"line":12,"column":3}},{"start":{},"end":{}}],"line":7},"1":{"loc":{"start":{"line":8,"column":4},"end":{"line":9,"column":62}},"type":"binary-expr","locations":[{"start":{"line":8,"column":4},"end":{"line":8,"column":17}},{"start":{"line":9,"column":5},"end":{"line":9,"column":20}},{"start":{"line":9,"column":24},"end":{"line":9,"column":61}}],"line":8},"2":{"loc":{"start":{"line":20,"column":2},"end":{"line":25,"column":3}},"type":"if","locations":[{"start":{"line":20,"column":2},"end":{"line":25,"column":3}},{"start":{},"end":{}}],"line":20},"3":{"loc":{"start":{"line":21,"column":4},"end":{"line":22,"column":62}},"type":"binary-expr","locations":[{"start":{"line":21,"column":4},"end":{"line":21,"column":17}},{"start":{"line":22,"column":5},"end":{"line":22,"column":20}},{"start":{"line":22,"column":24},"end":{"line":22,"column":61}}],"line":21}},"s":{"0":0,"1":0,"2":0,"3":0,"4":0,"5":0,"6":0,"7":0,"8":0,"9":0,"10":0,"11":0},"f":{"0":0,"1":0},"b":{"0":[0,0],"1":[0,0,0],"2":[0,0],"3":[0,0,0]}},"/home/user/pre7/src/domain/rules/ValueProvider.ts":{"path":"/home/user/pre7/src/domain/rules/ValueProvider.ts","statementMap":{},"fnMap":{},"branchMap":{},"s":{},"f":{},"b":{}},"/home/user/pre7/src/config/WizStrings.ts":{"path":"/home/user/pre7/src/config/WizStrings.ts","statementMap":{"0":{"start":{"line":1,"column":26},"end":{"line":15,"column":1}}},"fnMap":{},"branchMap":{},"s":{"0":0},"f":{},"b":{}},"/home/user/pre7/src/ui/screens/Wizard/adapters.ts":{"path":"/home/user/pre7/src/ui/screens/Wizard/adapters.ts","statementMap":{"0":{"start":{"line":14,"column":18},"end":{"line":14,"column":32}},"1":{"start":{"line":15,"column":27},"end":{"line":15,"column":42}},"2":{"start":{"line":17,"column":4},"end":{"line":23,"column":5}},"3":{"start":{"line":18,"column":6},"end":{"line":22,"column":7}},"4":{"start":{"line":19,"column":8},"end":{"line":19,"column":61}},"5":{"start":{"line":21,"column":8},"end":{"line":21,"column":25}},"6":{"start":{"line":24,"column":4},"end":{"line":24,"column":19}},"7":{"start":{"line":36,"column":4},"end":{"line":36,"column":69}}},"fnMap":{"0":{"name":"(anonymous_0)","decl":{"start":{"line":10,"column":2},"end":{"line":10,"column":3}},"loc":{"start":{"line":10,"column":40},"end":{"line":10,"column":42}},"line":10},"1":{"name":"(anonymous_1)","decl":{"start":{"line":12,"column":2},"end":{"line":12,"column":3}},"loc":{"start":{"line":12,"column":33},"end":{"line":25,"column":3}},"line":12},"2":{"name":"(anonymous_2)","decl":{"start":{"line":33,"column":2},"end":{"line":33,"column":3}},"loc":{"start":{"line":33,"column":51},"end":{"line":33,"column":53}},"line":33},"3":{"name":"(anonymous_3)","decl":{"start":{"line":35,"column":2},"end":{"line":35,"column":3}},"loc":{"start":{"line":35,"column":49},"end":{"line":37,"column":3}},"line":35}},"branchMap":{"0":{"loc":{"start":{"line":18,"column":6},"end":{"line":22,"column":7}},"type":"if","locations":[{"start":{"line":18,"column":6},"end":{"line":22,"column":7}},{"start":{"line":20,"column":13},"end":{"line":22,"column":7}}],"line":18},"1":{"loc":{"start":{"line":18,"column":10},"end":{"line":18,"column":48}},"type":"binary-expr","locations":[{"start":{"line":18,"column":10},"end":{"line":18,"column":17}},{"start":{"line":18,"column":21},"end":{"line":18,"column":48}}],"line":18}},"s":{"0":0,"1":0,"2":0,"3":0,"4":0,"5":0,"6":0,"7":0},"f":{"0":0,"1":0,"2":0,"3":0},"b":{"0":[0,0],"1":[0,0]}},"/home/user/pre7/src/config/features.ts":{"path":"/home/user/pre7/src/config/features.ts","statementMap":{"0":{"start":{"line":8,"column":34},"end":{"line":8,"column":38}},"1":{"start":{"line":14,"column":33},"end":{"line":14,"column":38}},"2":{"start":{"line":17,"column":24},"end":{"line":19,"column":1}},"3":{"start":{"line":20,"column":0},"end":{"line":20,"column":3}},"4":{"start":{"line":21,"column":28},"end":{"line":21,"column":30}}},"fnMap":{},"branchMap":{},"s":{"0":0,"1":0,"2":0,"3":0,"4":0},"f":{},"b":{}},"/home/user/pre7/src/app/orchestrators/export.ts":{"path":"/home/user/pre7/src/app/orchestrators/export.ts","statementMap":{"0":{"start":{"line":5,"column":35},"end":{"line":39,"column":1}},"1":{"start":{"line":7,"column":16},"end":{"line":7,"column":39}},"2":{"start":{"line":8,"column":20},"end":{"line":8,"column":60}},"3":{"start":{"line":9,"column":18},"end":{"line":9,"column":91}},"4":{"start":{"line":12,"column":22},"end":{"line":12,"column":56}},"5":{"start":{"line":15,"column":18},"end":{"line":18,"column":5}},"6":{"start":{"line":15,"column":64},"end":{"line":18,"column":3}},"7":{"start":{"line":20,"column":22},"end":{"line":20,"column":49}},"8":{"start":{"line":21,"column":23},"end":{"line":21,"column":52}},"9":{"start":{"line":24,"column":2},"end":{"line":38,"column":4}}},"fnMap":{"0":{"name":"(anonymous_0)","decl":{"start":{"line":5,"column":35},"end":{"line":5,"column":36}},"loc":{"start":{"line":5,"column":57},"end":{"line":39,"column":1}},"line":5},"1":{"name":"(anonymous_1)","decl":{"start":{"line":15,"column":48},"end":{"line":15,"column":49}},"loc":{"start":{"line":15,"column":64},"end":{"line":18,"column":3}},"line":15}},"branchMap":{"0":{"loc":{"start":{"line":7,"column":16},"end":{"line":7,"column":39}},"type":"binary-expr","locations":[{"start":{"line":7,"column":16},"end":{"line":7,"column":33}},{"start":{"line":7,"column":37},"end":{"line":7,"column":39}}],"line":7},"1":{"loc":{"start":{"line":8,"column":20},"end":{"line":8,"column":60}},"type":"binary-expr","locations":[{"start":{"line":8,"column":20},"end":{"line":8,"column":41}},{"start":{"line":8,"column":45},"end":{"line":8,"column":60}}],"line":8},"2":{"loc":{"start":{"line":9,"column":18},"end":{"line":9,"column":91}},"type":"binary-expr","locations":[{"start":{"line":9,"column":18},"end":{"line":9,"column":37}},{"start":{"line":9,"column":41},"end":{"line":9,"column":91}}],"line":9},"3":{"loc":{"start":{"line":12,"column":29},"end":{"line":12,"column":55}},"type":"binary-expr","locations":[{"start":{"line":12,"column":29},"end":{"line":12,"column":50}},{"start":{"line":12,"column":54},"end":{"line":12,"column":55}}],"line":12},"4":{"loc":{"start":{"line":15,"column":19},"end":{"line":15,"column":42}},"type":"binary-expr","locations":[{"start":{"line":15,"column":19},"end":{"line":15,"column":36}},{"start":{"line":15,"column":40},"end":{"line":15,"column":42}}],"line":15},"5":{"loc":{"start":{"line":17,"column":14},"end":{"line":17,"column":24}},"type":"binary-expr","locations":[{"start":{"line":17,"column":14},"end":{"line":17,"column":19}},{"start":{"line":17,"column":23},"end":{"line":17,"column":24}}],"line":17},"6":{"loc":{"start":{"line":20,"column":22},"end":{"line":20,"column":49}},"type":"binary-expr","locations":[{"start":{"line":20,"column":22},"end":{"line":20,"column":43}},{"start":{"line":20,"column":47},"end":{"line":20,"column":49}}],"line":20},"7":{"loc":{"start":{"line":21,"column":23},"end":{"line":21,"column":52}},"type":"binary-expr","locations":[{"start":{"line":21,"column":23},"end":{"line":21,"column":46}},{"start":{"line":21,"column":50},"end":{"line":21,"column":52}}],"line":21},"8":{"loc":{"start":{"line":26,"column":19},"end":{"line":26,"column":43}},"type":"binary-expr","locations":[{"start":{"line":26,"column":19},"end":{"line":26,"column":38}},{"start":{"line":26,"column":42},"end":{"line":26,"column":43}}],"line":26}},"s":{"0":0,"1":0,"2":0,"3":0,"4":0,"5":0,"6":0,"7":0,"8":0,"9":0},"f":{"0":0,"1":0},"b":{"0":[0,0],"1":[0,0],"2":[0,0],"3":[0,0],"4":[0,0],"5":[0,0],"6":[0,0],"7":[0,0],"8":[0,0]}},"/home/user/pre7/src/app/types.ts":{"path":"/home/user/pre7/src/app/types.ts","statementMap":{},"fnMap":{},"branchMap":{},"s":{},"f":{},"b":{}},"/home/user/pre7/src/types/common.ts":{"path":"/home/user/pre7/src/types/common.ts","statementMap":{},"fnMap":{},"branchMap":{},"s":{},"f":{},"b":{}},"/home/user/pre7/src/domain/core.ts":{"path":"/home/user/pre7/src/domain/core.ts","statementMap":{},"fnMap":{},"branchMap":{},"s":{},"f":{},"b":{}},"/home/user/pre7/src/domain/helpers/TimeProvider.ts":{"path":"/home/user/pre7/src/domain/helpers/TimeProvider.ts","statementMap":{},"fnMap":{},"branchMap":{},"s":{},"f":{},"b":{}},"/home/user/pre7/src/domain/types.ts":{"path":"/home/user/pre7/src/domain/types.ts","statementMap":{},"fnMap":{},"branchMap":{},"s":{},"f":{},"b":{}},"/home/user/pre7/src/domain/constants/labels.ts":{"path":"/home/user/pre7/src/domain/constants/labels.ts","statementMap":{"0":{"start":{"line":4,"column":25},"end":{"line":18,"column":1}},"1":{"start":{"line":22,"column":27},"end":{"line":26,"column":1}}},"fnMap":{},"branchMap":{},"s":{"0":0,"1":0},"f":{},"b":{}},"/home/user/pre7/src/domain/interfaces/StateWriter.ts":{"path":"/home/user/pre7/src/domain/interfaces/StateWriter.ts","statementMap":{},"fnMap":{},"branchMap":{},"s":{},"f":{},"b":{}},"/home/user/pre7/src/domain/rules/derivedValues.ts":{"path":"/home/user/pre7/src/domain/rules/derivedValues.ts","statementMap":{"0":{"start":{"line":3,"column":33},"end":{"line":13,"column":1}},"1":{"start":{"line":9,"column":14},"end":{"line":9,"column":57}},"2":{"start":{"line":10,"column":14},"end":{"line":10,"column":60}},"3":{"start":{"line":11,"column":4},"end":{"line":11,"column":30}}},"fnMap":{"0":{"name":"(anonymous_0)","decl":{"start":{"line":8,"column":17},"end":{"line":8,"column":18}},"loc":{"start":{"line":8,"column":53},"end":{"line":12,"column":3}},"line":8}},"branchMap":{"0":{"loc":{"start":{"line":9,"column":14},"end":{"line":9,"column":57}},"type":"binary-expr","locations":[{"start":{"line":9,"column":14},"end":{"line":9,"column":52}},{"start":{"line":9,"column":56},"end":{"line":9,"column":57}}],"line":9},"1":{"loc":{"start":{"line":10,"column":14},"end":{"line":10,"column":60}},"type":"binary-expr","locations":[{"start":{"line":10,"column":14},"end":{"line":10,"column":55}},{"start":{"line":10,"column":59},"end":{"line":10,"column":60}}],"line":10}},"s":{"0":0,"1":0,"2":0,"3":0},"f":{"0":0},"b":{"0":[0,0],"1":[0,0]}},"/home/user/pre7/src/domain/validation/validationLog.ts":{"path":"/home/user/pre7/src/domain/validation/validationLog.ts","statementMap":{"0":{"start":{"line":10,"column":48},"end":{"line":10,"column":50}},"1":{"start":{"line":12,"column":2},"end":{"line":24,"column":5}},"2":{"start":{"line":13,"column":18},"end":{"line":13,"column":48}},"3":{"start":{"line":14,"column":25},"end":{"line":14,"column":51}},"4":{"start":{"line":17,"column":32},"end":{"line":17,"column":84}},"5":{"start":{"line":19,"column":4},"end":{"line":23,"column":6}},"6":{"start":{"line":26,"column":2},"end":{"line":26,"column":13}},"7":{"start":{"line":30,"column":2},"end":{"line":30,"column":67}},"8":{"start":{"line":30,"column":48},"end":{"line":30,"column":60}}},"fnMap":{"0":{"name":"getValidationLog","decl":{"start":{"line":9,"column":16},"end":{"line":9,"column":32}},"loc":{"start":{"line":9,"column":106},"end":{"line":27,"column":1}},"line":9},"1":{"name":"(anonymous_1)","decl":{"start":{"line":12,"column":23},"end":{"line":12,"column":24}},"loc":{"start":{"line":12,"column":31},"end":{"line":24,"column":3}},"line":12},"2":{"name":"getValueByPath","decl":{"start":{"line":29,"column":9},"end":{"line":29,"column":23}},"loc":{"start":{"line":29,"column":48},"end":{"line":31,"column":1}},"line":29},"3":{"name":"(anonymous_3)","decl":{"start":{"line":30,"column":32},"end":{"line":30,"column":33}},"loc":{"start":{"line":30,"column":48},"end":{"line":30,"column":60}},"line":30}},"branchMap":{"0":{"loc":{"start":{"line":17,"column":32},"end":{"line":17,"column":84}},"type":"binary-expr","locations":[{"start":{"line":17,"column":32},"end":{"line":17,"column":44}},{"start":{"line":17,"column":48},"end":{"line":17,"column":66}},{"start":{"line":17,"column":70},"end":{"line":17,"column":84}}],"line":17},"1":{"loc":{"start":{"line":21,"column":16},"end":{"line":21,"column":93}},"type":"cond-expr","locations":[{"start":{"line":21,"column":32},"end":{"line":21,"column":85}},{"start":{"line":21,"column":89},"end":{"line":21,"column":93}}],"line":21},"2":{"loc":{"start":{"line":21,"column":32},"end":{"line":21,"column":85}},"type":"cond-expr","locations":[{"start":{"line":21,"column":66},"end":{"line":21,"column":75}},{"start":{"line":21,"column":78},"end":{"line":21,"column":85}}],"line":21},"3":{"loc":{"start":{"line":22,"column":15},"end":{"line":22,"column":51}},"type":"binary-expr","locations":[{"start":{"line":22,"column":15},"end":{"line":22,"column":28}},{"start":{"line":22,"column":32},"end":{"line":22,"column":51}}],"line":22}},"s":{"0":0,"1":0,"2":0,"3":0,"4":0,"5":0,"6":0,"7":0,"8":0},"f":{"0":0,"1":0,"2":0,"3":0},"b":{"0":[0,0,0],"1":[0,0],"2":[0,0],"3":[0,0]}},"/home/user/pre7/src/core/types/transaction.ts":{"path":"/home/user/pre7/src/core/types/transaction.ts","statementMap":{},"fnMap":{},"branchMap":{},"s":{},"f":{},"b":{}}}}
